#-----------------------------------------------------------
# Vivado v2024.1 (64-bit)
# SW Build 5076996 on Wed May 22 18:37:14 MDT 2024
# IP Build 5075265 on Wed May 22 21:45:21 MDT 2024
# SharedData Build 5076995 on Wed May 22 18:29:18 MDT 2024
# Start of session at: Wed Dec  4 13:40:17 2024
# Process ID: 18844
# Current directory: D:/work/3/hw_lab/projfinaljingjing/hw_syn_lab_project
# Command line: vivado.exe -gui_launcher_event rodinguilauncherevent14588 D:\work\3\hw_lab\projfinaljingjing\hw_syn_lab_project\project_vgadude_test1.xpr
# Log file: D:/work/3/hw_lab/projfinaljingjing/hw_syn_lab_project/vivado.log
# Journal file: D:/work/3/hw_lab/projfinaljingjing/hw_syn_lab_project\vivado.jou
# Running On        :LAPTOP-EEU2ANOF
# Platform          :Windows Server 2016 or Windows 10
# Operating System  :22631
# Processor Detail  :AMD Ryzen 7 5800H with Radeon Graphics         
# CPU Frequency     :3194 MHz
# CPU Physical cores:8
# CPU Logical cores :16
# Host memory       :14877 MB
# Swap memory       :9126 MB
# Total Virtual     :24004 MB
# Available Virtual :13134 MB
#-----------------------------------------------------------
start_gui
open_project D:/work/3/hw_lab/projfinaljingjing/hw_syn_lab_project/project_vgadude_test1.xpr
WARNING: [Board 49-26] cannot add Board Part digilentinc.com:genesys2:part0:1.1 available at D:/Vivado/2024.1/data/boards/board_files/genesys2/H/board.xml as part xc7k325tffg900-2 specified in board_part file is either invalid or not available
WARNING: [Board 49-26] cannot add Board Part digilentinc.com:sword:part0:1.0 available at D:/Vivado/2024.1/data/boards/board_files/sword/C.0/board.xml as part xc7k325tffg900-2 specified in board_part file is either invalid or not available
WARNING: [Board 49-26] cannot add Board Part xilinx.com:kc705:part0:1.6 available at D:/Vivado/2024.1/data/xhub/boards/XilinxBoardStore/boards/Xilinx/kc705/1.6/board.xml as part xc7k325tffg900-2 specified in board_part file is either invalid or not available
WARNING: [Board 49-26] cannot add Board Part xilinx.com:kcu105:part0:1.6 available at D:/Vivado/2024.1/data/xhub/boards/XilinxBoardStore/boards/Xilinx/kcu105/1.6/board.xml as part xcku040-ffva1156-2-e specified in board_part file is either invalid or not available
WARNING: [Board 49-26] cannot add Board Part xilinx.com:kcu105:part0:1.7 available at D:/Vivado/2024.1/data/xhub/boards/XilinxBoardStore/boards/Xilinx/kcu105/1.7/board.xml as part xcku040-ffva1156-2-e specified in board_part file is either invalid or not available
WARNING: [Board 49-26] cannot add Board Part xilinx.com:kcu1500:part0:1.2 available at D:/Vivado/2024.1/data/xhub/boards/XilinxBoardStore/boards/Xilinx/kcu1500/1.2/board.xml as part xcku115-flvb2104-2-e specified in board_part file is either invalid or not available
WARNING: [Board 49-26] cannot add Board Part xilinx.com:vc707:part0:1.4 available at D:/Vivado/2024.1/data/xhub/boards/XilinxBoardStore/boards/Xilinx/vc707/1.4/board.xml as part xc7vx485tffg1761-2 specified in board_part file is either invalid or not available
WARNING: [Board 49-26] cannot add Board Part xilinx.com:vc709:part0:1.8 available at D:/Vivado/2024.1/data/xhub/boards/XilinxBoardStore/boards/Xilinx/vc709/1.8/board.xml as part xc7vx690tffg1761-2 specified in board_part file is either invalid or not available
WARNING: [Board 49-26] cannot add Board Part xilinx.com:vck190:part0:2.2 available at D:/Vivado/2024.1/data/xhub/boards/XilinxBoardStore/boards/Xilinx/vck190/production/2.2/board.xml as part xcvc1902-vsva2197-2mp-e-s specified in board_part file is either invalid or not available
WARNING: [Board 49-26] cannot add Board Part xilinx.com:vck190:part0:3.0 available at D:/Vivado/2024.1/data/xhub/boards/XilinxBoardStore/boards/Xilinx/vck190/production/3.0/board.xml as part xcvc1902-vsva2197-2mp-e-s specified in board_part file is either invalid or not available
WARNING: [Board 49-26] cannot add Board Part xilinx.com:vck190:part0:3.1 available at D:/Vivado/2024.1/data/xhub/boards/XilinxBoardStore/boards/Xilinx/vck190/production/3.1/board.xml as part xcvc1902-vsva2197-2mp-e-s specified in board_part file is either invalid or not available
WARNING: [Board 49-26] cannot add Board Part xilinx.com:vck190:part0:3.2 available at D:/Vivado/2024.1/data/xhub/boards/XilinxBoardStore/boards/Xilinx/vck190/production/3.2/board.xml as part xcvc1902-vsva2197-2mp-e-s specified in board_part file is either invalid or not available
WARNING: [Board 49-26] cannot add Board Part xilinx.com:vck190:part0:3.3 available at D:/Vivado/2024.1/data/xhub/boards/XilinxBoardStore/boards/Xilinx/vck190/production/3.3/board.xml as part xcvc1902-vsva2197-2mp-e-s specified in board_part file is either invalid or not available
WARNING: [Board 49-26] cannot add Board Part xilinx.com:vck190_newl:part0:1.0 available at D:/Vivado/2024.1/data/xhub/boards/XilinxBoardStore/boards/Xilinx/vck190_newl/production/1.0/board.xml as part xcvc1902-vsva2197-2mp-e-s specified in board_part file is either invalid or not available
WARNING: [Board 49-26] cannot add Board Part xilinx.com:vck190_newl:part0:1.1 available at D:/Vivado/2024.1/data/xhub/boards/XilinxBoardStore/boards/Xilinx/vck190_newl/production/1.1/board.xml as part xcvc1902-vsva2197-2mp-e-s specified in board_part file is either invalid or not available
WARNING: [Board 49-26] cannot add Board Part xilinx.com:vck190_newl:part0:1.2 available at D:/Vivado/2024.1/data/xhub/boards/XilinxBoardStore/boards/Xilinx/vck190_newl/production/1.2/board.xml as part xcvc1902-vsva2197-2mp-e-s specified in board_part file is either invalid or not available
WARNING: [Board 49-26] cannot add Board Part xilinx.com:vcu108:part0:1.6 available at D:/Vivado/2024.1/data/xhub/boards/XilinxBoardStore/boards/Xilinx/vcu108/1.6/board.xml as part xcvu095-ffva2104-2-e specified in board_part file is either invalid or not available
WARNING: [Board 49-26] cannot add Board Part xilinx.com:vcu108:part0:1.7 available at D:/Vivado/2024.1/data/xhub/boards/XilinxBoardStore/boards/Xilinx/vcu108/1.7/board.xml as part xcvu095-ffva2104-2-e specified in board_part file is either invalid or not available
WARNING: [Board 49-26] cannot add Board Part xilinx.com:vcu110:part0:1.4 available at D:/Vivado/2024.1/data/xhub/boards/XilinxBoardStore/boards/Xilinx/vcu110/1.4/board.xml as part xcvu190-flgc2104-2-e specified in board_part file is either invalid or not available
WARNING: [Board 49-26] cannot add Board Part xilinx.com:vcu118:part0:2.0 available at D:/Vivado/2024.1/data/xhub/boards/XilinxBoardStore/boards/Xilinx/vcu118/2.0/board.xml as part xcvu9p-flga2104-2l-e specified in board_part file is either invalid or not available
WARNING: [Board 49-26] cannot add Board Part xilinx.com:vcu118:part0:2.3 available at D:/Vivado/2024.1/data/xhub/boards/XilinxBoardStore/boards/Xilinx/vcu118/2.3/board.xml as part xcvu9p-flga2104-2l-e specified in board_part file is either invalid or not available
WARNING: [Board 49-26] cannot add Board Part xilinx.com:vcu118:part0:2.4 available at D:/Vivado/2024.1/data/xhub/boards/XilinxBoardStore/boards/Xilinx/vcu118/2.4/board.xml as part xcvu9p-flga2104-2l-e specified in board_part file is either invalid or not available
WARNING: [Board 49-26] cannot add Board Part xilinx.com:vcu129:part0:1.0 available at D:/Vivado/2024.1/data/xhub/boards/XilinxBoardStore/boards/Xilinx/vcu129/production/1.0/board.xml as part xcvu29p-fsga2577-2l-e specified in board_part file is either invalid or not available
WARNING: [Board 49-26] cannot add Board Part xilinx.com:vcu1525:part0:1.3 available at D:/Vivado/2024.1/data/xhub/boards/XilinxBoardStore/boards/Xilinx/vcu1525/1.3/board.xml as part xcvu9p-fsgd2104-2l-e specified in board_part file is either invalid or not available
WARNING: [Board 49-26] cannot add Board Part xilinx.com:vek280:part0:1.0 available at D:/Vivado/2024.1/data/xhub/boards/XilinxBoardStore/boards/Xilinx/vek280/production/1.0/board.xml as part xcve2802-vsvh1760-2mp-e-s specified in board_part file is either invalid or not available
WARNING: [Board 49-26] cannot add Board Part xilinx.com:vek280:part0:1.1 available at D:/Vivado/2024.1/data/xhub/boards/XilinxBoardStore/boards/Xilinx/vek280/production/1.1/board.xml as part xcve2802-vsvh1760-2mp-e-s specified in board_part file is either invalid or not available
WARNING: [Board 49-26] cannot add Board Part xilinx.com:vek280:part0:1.2 available at D:/Vivado/2024.1/data/xhub/boards/XilinxBoardStore/boards/Xilinx/vek280/production/1.2/board.xml as part xcve2802-vsvh1760-2mp-e-s specified in board_part file is either invalid or not available
WARNING: [Board 49-26] cannot add Board Part xilinx.com:vek280_es:part0:1.0 available at D:/Vivado/2024.1/data/xhub/boards/XilinxBoardStore/boards/Xilinx/vek280/es/rev_a/1.0/board.xml as part xcve2802-vsvh1760-2lp-e-s-es1 specified in board_part file is either invalid or not available
WARNING: [Board 49-26] cannot add Board Part xilinx.com:vek280_es:part0:1.1 available at D:/Vivado/2024.1/data/xhub/boards/XilinxBoardStore/boards/Xilinx/vek280/es/rev_a/1.1/board.xml as part xcve2802-vsvh1760-2lp-e-s-es1 specified in board_part file is either invalid or not available
WARNING: [Board 49-26] cannot add Board Part xilinx.com:vek280_es_revb:part0:1.0 available at D:/Vivado/2024.1/data/xhub/boards/XilinxBoardStore/boards/Xilinx/vek280/es/rev_b/1.0/board.xml as part xcve2802-vsvh1760-2mp-e-s-es1 specified in board_part file is either invalid or not available
WARNING: [Board 49-26] cannot add Board Part xilinx.com:vek280_es_revb:part0:1.1 available at D:/Vivado/2024.1/data/xhub/boards/XilinxBoardStore/boards/Xilinx/vek280/es/rev_b/1.1/board.xml as part xcve2802-vsvh1760-2mp-e-s-es1 specified in board_part file is either invalid or not available
WARNING: [Board 49-26] cannot add Board Part xilinx.com:vermeo_t1_mpsoc:part0:1.0 available at D:/Vivado/2024.1/data/xhub/boards/XilinxBoardStore/boards/Xilinx/vermeo_t1_mpsoc/1.0/board.xml as part xczu19eg-ffvd1760-2l-e specified in board_part file is either invalid or not available
WARNING: [Board 49-26] cannot add Board Part xilinx.com:vermeo_t1_rfsoc:part0:1.0 available at D:/Vivado/2024.1/data/xhub/boards/XilinxBoardStore/boards/Xilinx/vermeo_t1_rfsoc/1.0/board.xml as part xczu21dr-ffvd1156-2l-e specified in board_part file is either invalid or not available
WARNING: [Board 49-26] cannot add Board Part xilinx.com:vhk158:part0:1.0 available at D:/Vivado/2024.1/data/xhub/boards/XilinxBoardStore/boards/Xilinx/vhk158/production/1.0/board.xml as part xcvh1582-vsva3697-2mp-e-s specified in board_part file is either invalid or not available
WARNING: [Board 49-26] cannot add Board Part xilinx.com:vhk158:part0:1.1 available at D:/Vivado/2024.1/data/xhub/boards/XilinxBoardStore/boards/Xilinx/vhk158/production/1.1/board.xml as part xcvh1582-vsva3697-2mp-e-s specified in board_part file is either invalid or not available
WARNING: [Board 49-26] cannot add Board Part xilinx.com:vhk158_es:part0:1.0 available at D:/Vivado/2024.1/data/xhub/boards/XilinxBoardStore/boards/Xilinx/vhk158/es/1.0/board.xml as part xcvh1582-vsva3697-2mp-e-s-es1 specified in board_part file is either invalid or not available
WARNING: [Board 49-26] cannot add Board Part xilinx.com:vhk158_es:part0:1.1 available at D:/Vivado/2024.1/data/xhub/boards/XilinxBoardStore/boards/Xilinx/vhk158/es/1.1/board.xml as part xcvh1582-vsva3697-2mp-e-s-es1 specified in board_part file is either invalid or not available
WARNING: [Board 49-26] cannot add Board Part xilinx.com:vmk180:part0:2.2 available at D:/Vivado/2024.1/data/xhub/boards/XilinxBoardStore/boards/Xilinx/vmk180/production/2.2/board.xml as part xcvm1802-vsva2197-2mp-e-s specified in board_part file is either invalid or not available
WARNING: [Board 49-26] cannot add Board Part xilinx.com:vmk180:part0:3.0 available at D:/Vivado/2024.1/data/xhub/boards/XilinxBoardStore/boards/Xilinx/vmk180/production/3.0/board.xml as part xcvm1802-vsva2197-2mp-e-s specified in board_part file is either invalid or not available
WARNING: [Board 49-26] cannot add Board Part xilinx.com:vmk180:part0:3.1 available at D:/Vivado/2024.1/data/xhub/boards/XilinxBoardStore/boards/Xilinx/vmk180/production/3.1/board.xml as part xcvm1802-vsva2197-2mp-e-s specified in board_part file is either invalid or not available
WARNING: [Board 49-26] cannot add Board Part xilinx.com:vmk180:part0:3.2 available at D:/Vivado/2024.1/data/xhub/boards/XilinxBoardStore/boards/Xilinx/vmk180/production/3.2/board.xml as part xcvm1802-vsva2197-2mp-e-s specified in board_part file is either invalid or not available
WARNING: [Board 49-26] cannot add Board Part xilinx.com:vmk180_newl:part0:1.0 available at D:/Vivado/2024.1/data/xhub/boards/XilinxBoardStore/boards/Xilinx/vmk180_newl/production/1.0/board.xml as part xcvm1802-vsva2197-2mp-e-s specified in board_part file is either invalid or not available
WARNING: [Board 49-26] cannot add Board Part xilinx.com:vmk180_newl:part0:1.1 available at D:/Vivado/2024.1/data/xhub/boards/XilinxBoardStore/boards/Xilinx/vmk180_newl/production/1.1/board.xml as part xcvm1802-vsva2197-2mp-e-s specified in board_part file is either invalid or not available
WARNING: [Board 49-26] cannot add Board Part xilinx.com:vpk120:part0:1.0 available at D:/Vivado/2024.1/data/xhub/boards/XilinxBoardStore/boards/Xilinx/vpk120/production/1.0/board.xml as part xcvp1202-vsva2785-2mp-e-s specified in board_part file is either invalid or not available
WARNING: [Board 49-26] cannot add Board Part xilinx.com:vpk120:part0:1.1 available at D:/Vivado/2024.1/data/xhub/boards/XilinxBoardStore/boards/Xilinx/vpk120/production/1.1/board.xml as part xcvp1202-vsva2785-2mp-e-s specified in board_part file is either invalid or not available
WARNING: [Board 49-26] cannot add Board Part xilinx.com:vpk120:part0:1.2 available at D:/Vivado/2024.1/data/xhub/boards/XilinxBoardStore/boards/Xilinx/vpk120/production/1.2/board.xml as part xcvp1202-vsva2785-2mp-e-s specified in board_part file is either invalid or not available
WARNING: [Board 49-26] cannot add Board Part xilinx.com:vpk180:part0:1.0 available at D:/Vivado/2024.1/data/xhub/boards/XilinxBoardStore/boards/Xilinx/vpk180/production/1.0/board.xml as part xcvp1802-lsvc4072-2mp-e-s specified in board_part file is either invalid or not available
WARNING: [Board 49-26] cannot add Board Part xilinx.com:vpk180:part0:1.1 available at D:/Vivado/2024.1/data/xhub/boards/XilinxBoardStore/boards/Xilinx/vpk180/production/1.1/board.xml as part xcvp1802-lsvc4072-2mp-e-s specified in board_part file is either invalid or not available
WARNING: [Board 49-26] cannot add Board Part xilinx.com:vpk180:part0:1.2 available at D:/Vivado/2024.1/data/xhub/boards/XilinxBoardStore/boards/Xilinx/vpk180/production/1.2/board.xml as part xcvp1802-lsvc4072-2mp-e-s specified in board_part file is either invalid or not available
WARNING: [Board 49-26] cannot add Board Part xilinx.com:zc706:part0:1.4 available at D:/Vivado/2024.1/data/xhub/boards/XilinxBoardStore/boards/Xilinx/zc706/1.4/board.xml as part xc7z045ffg900-2 specified in board_part file is either invalid or not available
WARNING: [Board 49-26] cannot add Board Part xilinx.com:zcu102:part0:3.3 available at D:/Vivado/2024.1/data/xhub/boards/XilinxBoardStore/boards/Xilinx/zcu102/3.3/board.xml as part xczu9eg-ffvb1156-2-e specified in board_part file is either invalid or not available
WARNING: [Board 49-26] cannot add Board Part xilinx.com:zcu102:part0:3.4 available at D:/Vivado/2024.1/data/xhub/boards/XilinxBoardStore/boards/Xilinx/zcu102/3.4/board.xml as part xczu9eg-ffvb1156-2-e specified in board_part file is either invalid or not available
WARNING: [Board 49-26] cannot add Board Part xilinx.com:zcu111:part0:1.2 available at D:/Vivado/2024.1/data/xhub/boards/XilinxBoardStore/boards/Xilinx/zcu111/1.2/board.xml as part xczu28dr-ffvg1517-2-e specified in board_part file is either invalid or not available
WARNING: [Board 49-26] cannot add Board Part xilinx.com:zcu111:part0:1.3 available at D:/Vivado/2024.1/data/xhub/boards/XilinxBoardStore/boards/Xilinx/zcu111/1.3/board.xml as part xczu28dr-ffvg1517-2-e specified in board_part file is either invalid or not available
WARNING: [Board 49-26] cannot add Board Part xilinx.com:zcu111:part0:1.4 available at D:/Vivado/2024.1/data/xhub/boards/XilinxBoardStore/boards/Xilinx/zcu111/1.4/board.xml as part xczu28dr-ffvg1517-2-e specified in board_part file is either invalid or not available
WARNING: [Board 49-26] cannot add Board Part xilinx.com:zcu1275:part0:1.0 available at D:/Vivado/2024.1/data/xhub/boards/XilinxBoardStore/boards/Xilinx/zcu1275/1.0/board.xml as part xczu29dr-ffvf1760-2-e specified in board_part file is either invalid or not available
WARNING: [Board 49-26] cannot add Board Part xilinx.com:zcu1285:part0:1.0 available at D:/Vivado/2024.1/data/xhub/boards/XilinxBoardStore/boards/Xilinx/zcu1285/1.0/board.xml as part xczu39dr-ffvf1760-2-i specified in board_part file is either invalid or not available
WARNING: [Board 49-26] cannot add Board Part xilinx.com:zcu208:part0:2.0 available at D:/Vivado/2024.1/data/xhub/boards/XilinxBoardStore/boards/Xilinx/zcu208/production/2.0/board.xml as part xczu48dr-fsvg1517-2-e specified in board_part file is either invalid or not available
WARNING: [Board 49-26] cannot add Board Part xilinx.com:zcu208ld:part0:2.0 available at D:/Vivado/2024.1/data/xhub/boards/XilinxBoardStore/boards/Xilinx/zcu208ld/production/2.0/board.xml as part xczu58dr-fsvg1517-2-i specified in board_part file is either invalid or not available
WARNING: [Board 49-26] cannot add Board Part xilinx.com:zcu216:part0:2.0 available at D:/Vivado/2024.1/data/xhub/boards/XilinxBoardStore/boards/Xilinx/zcu216/production/2.0/board.xml as part xczu49dr-ffvf1760-2-e specified in board_part file is either invalid or not available
WARNING: [Board 49-26] cannot add Board Part xilinx.com:zcu216ld:part0:2.0 available at D:/Vivado/2024.1/data/xhub/boards/XilinxBoardStore/boards/Xilinx/zcu216ld/production/2.0/board.xml as part xczu59dr-ffvf1760-2-i specified in board_part file is either invalid or not available
WARNING: [Board 49-26] cannot add Board Part xilinx.com:zcu670:part0:2.0 available at D:/Vivado/2024.1/data/xhub/boards/XilinxBoardStore/boards/Xilinx/zcu670/2.0/board.xml as part xczu67dr-fsve1156-2-i specified in board_part file is either invalid or not available
WARNING: [Board 49-26] cannot add Board Part xilinx.com:zcu670ld:part0:1.0 available at D:/Vivado/2024.1/data/xhub/boards/XilinxBoardStore/boards/Xilinx/zcu670ld/1.0/board.xml as part xczu57dr-fsve1156-2-i specified in board_part file is either invalid or not available
INFO: [Project 1-313] Project file moved from 'C:/Users/com msi/Desktop/University/hw_lab/HW_SYS_LAB' since last save.
INFO: [filemgmt 56-3] Default IP Output Path : Could not find the directory 'D:/work/3/hw_lab/projfinaljingjing/hw_syn_lab_project/project_vgadude_test1.gen/sources_1'.
WARNING: [filemgmt 56-3] IPUserFilesDir: Could not find the directory 'D:/work/3/hw_lab/projfinaljingjing/hw_syn_lab_project/project_vgadude_test1.ip_user_files'.
Scanning sources...
Finished scanning sources
INFO: [IP_Flow 19-234] Refreshing IP repositories
INFO: [IP_Flow 19-1704] No user IP repositories specified
INFO: [IP_Flow 19-2313] Loaded Vivado IP repository 'D:/Vivado/2024.1/data/ip'.
open_project: Time (s): cpu = 00:00:14 ; elapsed = 00:00:10 . Memory (MB): peak = 1644.598 ; gain = 507.898
update_compile_order -fileset sources_1
open_hw_manager
connect_hw_server -allow_non_jtag
INFO: [Labtools 27-2285] Connecting to hw_server url TCP:localhost:3121
INFO: [Labtools 27-2222] Launching hw_server...
INFO: [Labtools 27-2221] Launch Output:

****** Xilinx hw_server v2024.1.0
  **** Build date : Mar  6 2024 at 20:50:54
    ** Copyright 1986-2022 Xilinx, Inc. All Rights Reserved.


INFO: [Labtools 27-3415] Connecting to cs_server url TCP:localhost:0
INFO: [Labtools 27-3417] Launching cs_server...
INFO: [Labtools 27-2221] Launch Output:


******** Xilinx cs_server v2024.1.0
  ****** Build date   : Mar 09 2024-07:00:37
    **** Build number : 2024.1.1709942437
      ** Copyright 2017-2022 Xilinx, Inc. All Rights Reserved.
      ** Copyright 2022-2024 Advanced Micro Devices, Inc. All Rights Reserved.



connect_hw_server: Time (s): cpu = 00:00:00 ; elapsed = 00:00:05 . Memory (MB): peak = 1720.078 ; gain = 0.000
open_hw_target
INFO: [Labtoolstcl 44-466] Opening hw_target localhost:3121/xilinx_tcf/Digilent/210183A38633A
set_property PROGRAM.FILE {D:/work/3/hw_lab/projfinaljingjing/hw_syn_lab_project/project_vgadude_test1.runs/impl_1/top.bit} [get_hw_devices xc7a35t_0]
current_hw_device [get_hw_devices xc7a35t_0]
refresh_hw_device -update_hw_probes false [lindex [get_hw_devices xc7a35t_0] 0]
INFO: [Labtools 27-1434] Device xc7a35t (JTAG device index = 0) is programmed with a design that has no supported debug core(s) in it.
set_property PROBES.FILE {} [get_hw_devices xc7a35t_0]
set_property FULL_PROBES.FILE {} [get_hw_devices xc7a35t_0]
set_property PROGRAM.FILE {C:/Users/12evo/Downloads/top (7).bit} [get_hw_devices xc7a35t_0]
program_hw_devices [get_hw_devices xc7a35t_0]
INFO: [Labtools 27-3164] End of startup status: HIGH
refresh_hw_device [lindex [get_hw_devices xc7a35t_0] 0]
INFO: [Labtools 27-1434] Device xc7a35t (JTAG device index = 0) is programmed with a design that has no supported debug core(s) in it.
WARNING: [filemgmt 56-199] Attempt to get parsing info during refresh. "On-the-fly" syntax checking information may be incorrect. [D:\work\3\hw_lab\projfinaljingjing\hw_syn_lab_project\project_vgadude_test1.srcs\sources_1\new\receiver.v:]
WARNING: [filemgmt 56-199] Attempt to get parsing info during refresh. "On-the-fly" syntax checking information may be incorrect. [D:\work\3\hw_lab\projfinaljingjing\hw_syn_lab_project\project_vgadude_test1.srcs\sources_1\new\vga_controller.v:]
WARNING: [filemgmt 56-199] Attempt to get parsing info during refresh. "On-the-fly" syntax checking information may be incorrect. [D:\work\3\hw_lab\projfinaljingjing\hw_syn_lab_project\project_vgadude_test1.srcs\sources_1\new\top.v:]
WARNING: [filemgmt 56-199] Attempt to get parsing info during refresh. "On-the-fly" syntax checking information may be incorrect. [D:\work\3\hw_lab\projfinaljingjing\hw_syn_lab_project\project_vgadude_test1.srcs\sources_1\new\transmitter.v:]
WARNING: [filemgmt 56-199] Attempt to get parsing info during refresh. "On-the-fly" syntax checking information may be incorrect. [D:\work\3\hw_lab\projfinaljingjing\hw_syn_lab_project\project_vgadude_test1.srcs\sources_1\new\uart.v:]
WARNING: [filemgmt 56-199] Attempt to get parsing info during refresh. "On-the-fly" syntax checking information may be incorrect. [D:\work\3\hw_lab\projfinaljingjing\hw_syn_lab_project\project_vgadude_test1.srcs\sources_1\new\top.v:]
WARNING: [filemgmt 56-199] Attempt to get parsing info during refresh. "On-the-fly" syntax checking information may be incorrect. [D:\work\3\hw_lab\projfinaljingjing\hw_syn_lab_project\project_vgadude_test1.srcs\sources_1\new\top.v:]
WARNING: [filemgmt 56-199] Attempt to get parsing info during refresh. "On-the-fly" syntax checking information may be incorrect. [D:\work\3\hw_lab\projfinaljingjing\hw_syn_lab_project\project_vgadude_test1.srcs\sources_1\new\receiver.v:]
WARNING: [filemgmt 56-199] Attempt to get parsing info during refresh. "On-the-fly" syntax checking information may be incorrect. [D:\work\3\hw_lab\projfinaljingjing\hw_syn_lab_project\project_vgadude_test1.srcs\sources_1\new\vga_controller.v:]
WARNING: [filemgmt 56-199] Attempt to get parsing info during refresh. "On-the-fly" syntax checking information may be incorrect. [D:\work\3\hw_lab\projfinaljingjing\hw_syn_lab_project\project_vgadude_test1.srcs\sources_1\new\top.v:]
WARNING: [filemgmt 56-199] Attempt to get parsing info during refresh. "On-the-fly" syntax checking information may be incorrect. [D:\work\3\hw_lab\projfinaljingjing\hw_syn_lab_project\project_vgadude_test1.srcs\sources_1\new\transmitter.v:]
WARNING: [filemgmt 56-199] Attempt to get parsing info during refresh. "On-the-fly" syntax checking information may be incorrect. [D:\work\3\hw_lab\projfinaljingjing\hw_syn_lab_project\project_vgadude_test1.srcs\sources_1\new\uart.v:]
WARNING: [filemgmt 56-199] Attempt to get parsing info during refresh. "On-the-fly" syntax checking information may be incorrect. [D:\work\3\hw_lab\projfinaljingjing\hw_syn_lab_project\project_vgadude_test1.srcs\sources_1\new\uart.v:]
WARNING: [filemgmt 56-199] Attempt to get parsing info during refresh. "On-the-fly" syntax checking information may be incorrect. [D:\work\3\hw_lab\projfinaljingjing\hw_syn_lab_project\project_vgadude_test1.srcs\sources_1\new\uart.v:]
WARNING: [filemgmt 56-199] Attempt to get parsing info during refresh. "On-the-fly" syntax checking information may be incorrect. [D:\work\3\hw_lab\projfinaljingjing\hw_syn_lab_project\project_vgadude_test1.srcs\sources_1\new\receiver.v:]
WARNING: [filemgmt 56-199] Attempt to get parsing info during refresh. "On-the-fly" syntax checking information may be incorrect. [D:\work\3\hw_lab\projfinaljingjing\hw_syn_lab_project\project_vgadude_test1.srcs\sources_1\new\vga_controller.v:]
WARNING: [filemgmt 56-199] Attempt to get parsing info during refresh. "On-the-fly" syntax checking information may be incorrect. [D:\work\3\hw_lab\projfinaljingjing\hw_syn_lab_project\project_vgadude_test1.srcs\sources_1\new\top.v:]
WARNING: [filemgmt 56-199] Attempt to get parsing info during refresh. "On-the-fly" syntax checking information may be incorrect. [D:\work\3\hw_lab\projfinaljingjing\hw_syn_lab_project\project_vgadude_test1.srcs\sources_1\new\transmitter.v:]
WARNING: [filemgmt 56-199] Attempt to get parsing info during refresh. "On-the-fly" syntax checking information may be incorrect. [D:\work\3\hw_lab\projfinaljingjing\hw_syn_lab_project\project_vgadude_test1.srcs\sources_1\new\uart.v:]
WARNING: [filemgmt 56-199] Attempt to get parsing info during refresh. "On-the-fly" syntax checking information may be incorrect. [D:\work\3\hw_lab\projfinaljingjing\hw_syn_lab_project\project_vgadude_test1.srcs\sources_1\new\vga_controller.v:]
WARNING: [filemgmt 56-199] Attempt to get parsing info during refresh. "On-the-fly" syntax checking information may be incorrect. [D:\work\3\hw_lab\projfinaljingjing\hw_syn_lab_project\project_vgadude_test1.srcs\sources_1\new\vga_controller.v:]
WARNING: [filemgmt 56-199] Attempt to get parsing info during refresh. "On-the-fly" syntax checking information may be incorrect. [D:\work\3\hw_lab\projfinaljingjing\hw_syn_lab_project\project_vgadude_test1.srcs\sources_1\new\receiver.v:]
WARNING: [filemgmt 56-199] Attempt to get parsing info during refresh. "On-the-fly" syntax checking information may be incorrect. [D:\work\3\hw_lab\projfinaljingjing\hw_syn_lab_project\project_vgadude_test1.srcs\sources_1\new\vga_controller.v:]
WARNING: [filemgmt 56-199] Attempt to get parsing info during refresh. "On-the-fly" syntax checking information may be incorrect. [D:\work\3\hw_lab\projfinaljingjing\hw_syn_lab_project\project_vgadude_test1.srcs\sources_1\new\top.v:]
WARNING: [filemgmt 56-199] Attempt to get parsing info during refresh. "On-the-fly" syntax checking information may be incorrect. [D:\work\3\hw_lab\projfinaljingjing\hw_syn_lab_project\project_vgadude_test1.srcs\sources_1\new\transmitter.v:]
WARNING: [filemgmt 56-199] Attempt to get parsing info during refresh. "On-the-fly" syntax checking information may be incorrect. [D:\work\3\hw_lab\projfinaljingjing\hw_syn_lab_project\project_vgadude_test1.srcs\sources_1\new\uart.v:]
WARNING: [filemgmt 56-199] Attempt to get parsing info during refresh. "On-the-fly" syntax checking information may be incorrect. [D:\work\3\hw_lab\projfinaljingjing\hw_syn_lab_project\project_vgadude_test1.srcs\sources_1\new\transmitter.v:]
WARNING: [filemgmt 56-199] Attempt to get parsing info during refresh. "On-the-fly" syntax checking information may be incorrect. [D:\work\3\hw_lab\projfinaljingjing\hw_syn_lab_project\project_vgadude_test1.srcs\sources_1\new\transmitter.v:]
reset_run synth_1
INFO: [Project 1-1161] Replacing file D:/work/3/hw_lab/projfinaljingjing/hw_syn_lab_project/project_vgadude_test1.srcs/utils_1/imports/synth_1/top.dcp with file D:/work/3/hw_lab/projfinaljingjing/hw_syn_lab_project/project_vgadude_test1.runs/synth_1/top.dcp
WARNING: [filemgmt 56-199] Attempt to get parsing info during refresh. "On-the-fly" syntax checking information may be incorrect. [D:\work\3\hw_lab\projfinaljingjing\hw_syn_lab_project\project_vgadude_test1.srcs\sources_1\new\receiver.v:]
WARNING: [filemgmt 56-199] Attempt to get parsing info during refresh. "On-the-fly" syntax checking information may be incorrect. [D:\work\3\hw_lab\projfinaljingjing\hw_syn_lab_project\project_vgadude_test1.srcs\sources_1\new\vga_controller.v:]
WARNING: [filemgmt 56-199] Attempt to get parsing info during refresh. "On-the-fly" syntax checking information may be incorrect. [D:\work\3\hw_lab\projfinaljingjing\hw_syn_lab_project\project_vgadude_test1.srcs\sources_1\new\top.v:]
WARNING: [filemgmt 56-199] Attempt to get parsing info during refresh. "On-the-fly" syntax checking information may be incorrect. [D:\work\3\hw_lab\projfinaljingjing\hw_syn_lab_project\project_vgadude_test1.srcs\sources_1\new\transmitter.v:]
WARNING: [filemgmt 56-199] Attempt to get parsing info during refresh. "On-the-fly" syntax checking information may be incorrect. [D:\work\3\hw_lab\projfinaljingjing\hw_syn_lab_project\project_vgadude_test1.srcs\sources_1\new\uart.v:]
WARNING: [filemgmt 56-199] Attempt to get parsing info during refresh. "On-the-fly" syntax checking information may be incorrect. [D:\work\3\hw_lab\projfinaljingjing\hw_syn_lab_project\project_vgadude_test1.srcs\sources_1\new\top.v:]
WARNING: [filemgmt 56-199] Attempt to get parsing info during refresh. "On-the-fly" syntax checking information may be incorrect. [D:\work\3\hw_lab\projfinaljingjing\hw_syn_lab_project\project_vgadude_test1.srcs\sources_1\new\top.v:]
WARNING: [filemgmt 56-199] Attempt to get parsing info during refresh. "On-the-fly" syntax checking information may be incorrect. [D:\work\3\hw_lab\projfinaljingjing\hw_syn_lab_project\project_vgadude_test1.srcs\sources_1\new\receiver.v:]
WARNING: [filemgmt 56-199] Attempt to get parsing info during refresh. "On-the-fly" syntax checking information may be incorrect. [D:\work\3\hw_lab\projfinaljingjing\hw_syn_lab_project\project_vgadude_test1.srcs\sources_1\new\vga_controller.v:]
WARNING: [filemgmt 56-199] Attempt to get parsing info during refresh. "On-the-fly" syntax checking information may be incorrect. [D:\work\3\hw_lab\projfinaljingjing\hw_syn_lab_project\project_vgadude_test1.srcs\sources_1\new\top.v:]
WARNING: [filemgmt 56-199] Attempt to get parsing info during refresh. "On-the-fly" syntax checking information may be incorrect. [D:\work\3\hw_lab\projfinaljingjing\hw_syn_lab_project\project_vgadude_test1.srcs\sources_1\new\transmitter.v:]
WARNING: [filemgmt 56-199] Attempt to get parsing info during refresh. "On-the-fly" syntax checking information may be incorrect. [D:\work\3\hw_lab\projfinaljingjing\hw_syn_lab_project\project_vgadude_test1.srcs\sources_1\new\uart.v:]
WARNING: [filemgmt 56-199] Attempt to get parsing info during refresh. "On-the-fly" syntax checking information may be incorrect. [D:\work\3\hw_lab\projfinaljingjing\hw_syn_lab_project\project_vgadude_test1.srcs\sources_1\new\uart.v:]
WARNING: [filemgmt 56-199] Attempt to get parsing info during refresh. "On-the-fly" syntax checking information may be incorrect. [D:\work\3\hw_lab\projfinaljingjing\hw_syn_lab_project\project_vgadude_test1.srcs\sources_1\new\uart.v:]
launch_runs impl_1 -to_step write_bitstream -jobs 4
[Wed Dec  4 13:50:42 2024] Launched synth_1...
Run output will be captured here: D:/work/3/hw_lab/projfinaljingjing/hw_syn_lab_project/project_vgadude_test1.runs/synth_1/runme.log
[Wed Dec  4 13:50:43 2024] Launched impl_1...
Run output will be captured here: D:/work/3/hw_lab/projfinaljingjing/hw_syn_lab_project/project_vgadude_test1.runs/impl_1/runme.log
WARNING: [filemgmt 56-199] Attempt to get parsing info during refresh. "On-the-fly" syntax checking information may be incorrect. [D:\work\3\hw_lab\projfinaljingjing\hw_syn_lab_project\project_vgadude_test1.srcs\sources_1\new\receiver.v:]
WARNING: [filemgmt 56-199] Attempt to get parsing info during refresh. "On-the-fly" syntax checking information may be incorrect. [D:\work\3\hw_lab\projfinaljingjing\hw_syn_lab_project\project_vgadude_test1.srcs\sources_1\new\vga_controller.v:]
WARNING: [filemgmt 56-199] Attempt to get parsing info during refresh. "On-the-fly" syntax checking information may be incorrect. [D:\work\3\hw_lab\projfinaljingjing\hw_syn_lab_project\project_vgadude_test1.srcs\sources_1\new\top.v:]
WARNING: [filemgmt 56-199] Attempt to get parsing info during refresh. "On-the-fly" syntax checking information may be incorrect. [D:\work\3\hw_lab\projfinaljingjing\hw_syn_lab_project\project_vgadude_test1.srcs\sources_1\new\transmitter.v:]
WARNING: [filemgmt 56-199] Attempt to get parsing info during refresh. "On-the-fly" syntax checking information may be incorrect. [D:\work\3\hw_lab\projfinaljingjing\hw_syn_lab_project\project_vgadude_test1.srcs\sources_1\new\uart.v:]
WARNING: [filemgmt 56-199] Attempt to get parsing info during refresh. "On-the-fly" syntax checking information may be incorrect. [D:\work\3\hw_lab\projfinaljingjing\hw_syn_lab_project\project_vgadude_test1.srcs\sources_1\new\vga_controller.v:]
WARNING: [filemgmt 56-199] Attempt to get parsing info during refresh. "On-the-fly" syntax checking information may be incorrect. [D:\work\3\hw_lab\projfinaljingjing\hw_syn_lab_project\project_vgadude_test1.srcs\sources_1\new\vga_controller.v:]
WARNING: [filemgmt 56-199] Attempt to get parsing info during refresh. "On-the-fly" syntax checking information may be incorrect. [D:\work\3\hw_lab\projfinaljingjing\hw_syn_lab_project\project_vgadude_test1.srcs\sources_1\new\receiver.v:]
WARNING: [filemgmt 56-199] Attempt to get parsing info during refresh. "On-the-fly" syntax checking information may be incorrect. [D:\work\3\hw_lab\projfinaljingjing\hw_syn_lab_project\project_vgadude_test1.srcs\sources_1\new\vga_controller.v:]
WARNING: [filemgmt 56-199] Attempt to get parsing info during refresh. "On-the-fly" syntax checking information may be incorrect. [D:\work\3\hw_lab\projfinaljingjing\hw_syn_lab_project\project_vgadude_test1.srcs\sources_1\new\top.v:]
WARNING: [filemgmt 56-199] Attempt to get parsing info during refresh. "On-the-fly" syntax checking information may be incorrect. [D:\work\3\hw_lab\projfinaljingjing\hw_syn_lab_project\project_vgadude_test1.srcs\sources_1\new\transmitter.v:]
WARNING: [filemgmt 56-199] Attempt to get parsing info during refresh. "On-the-fly" syntax checking information may be incorrect. [D:\work\3\hw_lab\projfinaljingjing\hw_syn_lab_project\project_vgadude_test1.srcs\sources_1\new\uart.v:]
WARNING: [filemgmt 56-199] Attempt to get parsing info during refresh. "On-the-fly" syntax checking information may be incorrect. [D:\work\3\hw_lab\projfinaljingjing\hw_syn_lab_project\project_vgadude_test1.srcs\sources_1\new\receiver.v:]
WARNING: [filemgmt 56-199] Attempt to get parsing info during refresh. "On-the-fly" syntax checking information may be incorrect. [D:\work\3\hw_lab\projfinaljingjing\hw_syn_lab_project\project_vgadude_test1.srcs\sources_1\new\receiver.v:]
ERROR: [Common 17-180] Spawn failed: No error
close_hw_manager
open_hw_manager
connect_hw_server -allow_non_jtag
INFO: [Labtools 27-2285] Connecting to hw_server url TCP:localhost:3121
INFO: [Labtools 27-2222] Launching hw_server...
INFO: [Labtools 27-2221] Launch Output:

****** Xilinx hw_server v2024.1.0
  **** Build date : Mar  6 2024 at 20:50:54
    ** Copyright 1986-2022 Xilinx, Inc. All Rights Reserved.


INFO: [Labtools 27-3415] Connecting to cs_server url TCP:localhost:0
INFO: [Labtools 27-3417] Launching cs_server...
INFO: [Labtools 27-2221] Launch Output:


******** Xilinx cs_server v2024.1.0
  ****** Build date   : Mar 09 2024-07:00:37
    **** Build number : 2024.1.1709942437
      ** Copyright 2017-2022 Xilinx, Inc. All Rights Reserved.
      ** Copyright 2022-2024 Advanced Micro Devices, Inc. All Rights Reserved.



connect_hw_server: Time (s): cpu = 00:00:00 ; elapsed = 00:00:05 . Memory (MB): peak = 1779.047 ; gain = 0.000
open_hw_target
INFO: [Labtoolstcl 44-466] Opening hw_target localhost:3121/xilinx_tcf/Digilent/210183A38633A
set_property PROGRAM.FILE {C:\Users\12evo\Downloads\top (7).bit} [get_hw_devices xc7a35t_0]
current_hw_device [get_hw_devices xc7a35t_0]
refresh_hw_device -update_hw_probes false [lindex [get_hw_devices xc7a35t_0] 0]
INFO: [Labtools 27-1434] Device xc7a35t (JTAG device index = 0) is programmed with a design that has no supported debug core(s) in it.
set_property PROBES.FILE {} [get_hw_devices xc7a35t_0]
set_property FULL_PROBES.FILE {} [get_hw_devices xc7a35t_0]
set_property PROGRAM.FILE {D:/work/3/hw_lab/projfinaljingjing/hw_syn_lab_project/project_vgadude_test1.runs/impl_1/top.bit} [get_hw_devices xc7a35t_0]
program_hw_devices [get_hw_devices xc7a35t_0]
INFO: [Labtools 27-3164] End of startup status: HIGH
refresh_hw_device [lindex [get_hw_devices xc7a35t_0] 0]
INFO: [Labtools 27-1434] Device xc7a35t (JTAG device index = 0) is programmed with a design that has no supported debug core(s) in it.
WARNING: [filemgmt 56-199] Attempt to get parsing info during refresh. "On-the-fly" syntax checking information may be incorrect. [D:\work\3\hw_lab\projfinaljingjing\hw_syn_lab_project\project_vgadude_test1.srcs\sources_1\new\receiver.v:]
WARNING: [filemgmt 56-199] Attempt to get parsing info during refresh. "On-the-fly" syntax checking information may be incorrect. [D:\work\3\hw_lab\projfinaljingjing\hw_syn_lab_project\project_vgadude_test1.srcs\sources_1\new\vga_controller.v:]
WARNING: [filemgmt 56-199] Attempt to get parsing info during refresh. "On-the-fly" syntax checking information may be incorrect. [D:\work\3\hw_lab\projfinaljingjing\hw_syn_lab_project\project_vgadude_test1.srcs\sources_1\new\top.v:]
WARNING: [filemgmt 56-199] Attempt to get parsing info during refresh. "On-the-fly" syntax checking information may be incorrect. [D:\work\3\hw_lab\projfinaljingjing\hw_syn_lab_project\project_vgadude_test1.srcs\sources_1\new\transmitter.v:]
WARNING: [filemgmt 56-199] Attempt to get parsing info during refresh. "On-the-fly" syntax checking information may be incorrect. [D:\work\3\hw_lab\projfinaljingjing\hw_syn_lab_project\project_vgadude_test1.srcs\sources_1\new\uart.v:]
WARNING: [filemgmt 56-199] Attempt to get parsing info during refresh. "On-the-fly" syntax checking information may be incorrect. [D:\work\3\hw_lab\projfinaljingjing\hw_syn_lab_project\project_vgadude_test1.srcs\sources_1\new\top.v:]
WARNING: [filemgmt 56-199] Attempt to get parsing info during refresh. "On-the-fly" syntax checking information may be incorrect. [D:\work\3\hw_lab\projfinaljingjing\hw_syn_lab_project\project_vgadude_test1.srcs\sources_1\new\top.v:]
WARNING: [filemgmt 56-199] Attempt to get parsing info during refresh. "On-the-fly" syntax checking information may be incorrect. [D:\work\3\hw_lab\projfinaljingjing\hw_syn_lab_project\project_vgadude_test1.srcs\sources_1\new\receiver.v:]
WARNING: [filemgmt 56-199] Attempt to get parsing info during refresh. "On-the-fly" syntax checking information may be incorrect. [D:\work\3\hw_lab\projfinaljingjing\hw_syn_lab_project\project_vgadude_test1.srcs\sources_1\new\vga_controller.v:]
WARNING: [filemgmt 56-199] Attempt to get parsing info during refresh. "On-the-fly" syntax checking information may be incorrect. [D:\work\3\hw_lab\projfinaljingjing\hw_syn_lab_project\project_vgadude_test1.srcs\sources_1\new\top.v:]
WARNING: [filemgmt 56-199] Attempt to get parsing info during refresh. "On-the-fly" syntax checking information may be incorrect. [D:\work\3\hw_lab\projfinaljingjing\hw_syn_lab_project\project_vgadude_test1.srcs\sources_1\new\transmitter.v:]
WARNING: [filemgmt 56-199] Attempt to get parsing info during refresh. "On-the-fly" syntax checking information may be incorrect. [D:\work\3\hw_lab\projfinaljingjing\hw_syn_lab_project\project_vgadude_test1.srcs\sources_1\new\uart.v:]
WARNING: [filemgmt 56-199] Attempt to get parsing info during refresh. "On-the-fly" syntax checking information may be incorrect. [D:\work\3\hw_lab\projfinaljingjing\hw_syn_lab_project\project_vgadude_test1.srcs\sources_1\new\uart.v:]
WARNING: [filemgmt 56-199] Attempt to get parsing info during refresh. "On-the-fly" syntax checking information may be incorrect. [D:\work\3\hw_lab\projfinaljingjing\hw_syn_lab_project\project_vgadude_test1.srcs\sources_1\new\uart.v:]
WARNING: [filemgmt 56-199] Attempt to get parsing info during refresh. "On-the-fly" syntax checking information may be incorrect. [D:\work\3\hw_lab\projfinaljingjing\hw_syn_lab_project\project_vgadude_test1.srcs\sources_1\new\receiver.v:]
WARNING: [filemgmt 56-199] Attempt to get parsing info during refresh. "On-the-fly" syntax checking information may be incorrect. [D:\work\3\hw_lab\projfinaljingjing\hw_syn_lab_project\project_vgadude_test1.srcs\sources_1\new\vga_controller.v:]
WARNING: [filemgmt 56-199] Attempt to get parsing info during refresh. "On-the-fly" syntax checking information may be incorrect. [D:\work\3\hw_lab\projfinaljingjing\hw_syn_lab_project\project_vgadude_test1.srcs\sources_1\new\top.v:]
WARNING: [filemgmt 56-199] Attempt to get parsing info during refresh. "On-the-fly" syntax checking information may be incorrect. [D:\work\3\hw_lab\projfinaljingjing\hw_syn_lab_project\project_vgadude_test1.srcs\sources_1\new\transmitter.v:]
WARNING: [filemgmt 56-199] Attempt to get parsing info during refresh. "On-the-fly" syntax checking information may be incorrect. [D:\work\3\hw_lab\projfinaljingjing\hw_syn_lab_project\project_vgadude_test1.srcs\sources_1\new\uart.v:]
WARNING: [filemgmt 56-199] Attempt to get parsing info during refresh. "On-the-fly" syntax checking information may be incorrect. [D:\work\3\hw_lab\projfinaljingjing\hw_syn_lab_project\project_vgadude_test1.srcs\sources_1\new\vga_controller.v:]
WARNING: [filemgmt 56-199] Attempt to get parsing info during refresh. "On-the-fly" syntax checking information may be incorrect. [D:\work\3\hw_lab\projfinaljingjing\hw_syn_lab_project\project_vgadude_test1.srcs\sources_1\new\vga_controller.v:]
WARNING: [filemgmt 56-199] Attempt to get parsing info during refresh. "On-the-fly" syntax checking information may be incorrect. [D:\work\3\hw_lab\projfinaljingjing\hw_syn_lab_project\project_vgadude_test1.srcs\sources_1\new\receiver.v:]
WARNING: [filemgmt 56-199] Attempt to get parsing info during refresh. "On-the-fly" syntax checking information may be incorrect. [D:\work\3\hw_lab\projfinaljingjing\hw_syn_lab_project\project_vgadude_test1.srcs\sources_1\new\vga_controller.v:]
WARNING: [filemgmt 56-199] Attempt to get parsing info during refresh. "On-the-fly" syntax checking information may be incorrect. [D:\work\3\hw_lab\projfinaljingjing\hw_syn_lab_project\project_vgadude_test1.srcs\sources_1\new\top.v:]
WARNING: [filemgmt 56-199] Attempt to get parsing info during refresh. "On-the-fly" syntax checking information may be incorrect. [D:\work\3\hw_lab\projfinaljingjing\hw_syn_lab_project\project_vgadude_test1.srcs\sources_1\new\transmitter.v:]
WARNING: [filemgmt 56-199] Attempt to get parsing info during refresh. "On-the-fly" syntax checking information may be incorrect. [D:\work\3\hw_lab\projfinaljingjing\hw_syn_lab_project\project_vgadude_test1.srcs\sources_1\new\uart.v:]
WARNING: [filemgmt 56-199] Attempt to get parsing info during refresh. "On-the-fly" syntax checking information may be incorrect. [D:\work\3\hw_lab\projfinaljingjing\hw_syn_lab_project\project_vgadude_test1.srcs\sources_1\new\receiver.v:]
WARNING: [filemgmt 56-199] Attempt to get parsing info during refresh. "On-the-fly" syntax checking information may be incorrect. [D:\work\3\hw_lab\projfinaljingjing\hw_syn_lab_project\project_vgadude_test1.srcs\sources_1\new\receiver.v:]
ERROR: [Common 17-180] Spawn failed: No error
reset_run synth_1
INFO: [Project 1-1161] Replacing file D:/work/3/hw_lab/projfinaljingjing/hw_syn_lab_project/project_vgadude_test1.srcs/utils_1/imports/synth_1/top.dcp with file D:/work/3/hw_lab/projfinaljingjing/hw_syn_lab_project/project_vgadude_test1.runs/synth_1/top.dcp
launch_runs impl_1 -to_step write_bitstream -jobs 4
[Wed Dec  4 13:58:25 2024] Launched synth_1...
Run output will be captured here: D:/work/3/hw_lab/projfinaljingjing/hw_syn_lab_project/project_vgadude_test1.runs/synth_1/runme.log
[Wed Dec  4 13:58:25 2024] Launched impl_1...
Run output will be captured here: D:/work/3/hw_lab/projfinaljingjing/hw_syn_lab_project/project_vgadude_test1.runs/impl_1/runme.log
WARNING: [filemgmt 56-199] Attempt to get parsing info during refresh. "On-the-fly" syntax checking information may be incorrect. [D:\work\3\hw_lab\projfinaljingjing\hw_syn_lab_project\project_vgadude_test1.srcs\sources_1\new\receiver.v:]
WARNING: [filemgmt 56-199] Attempt to get parsing info during refresh. "On-the-fly" syntax checking information may be incorrect. [D:\work\3\hw_lab\projfinaljingjing\hw_syn_lab_project\project_vgadude_test1.srcs\sources_1\new\vga_controller.v:]
WARNING: [filemgmt 56-199] Attempt to get parsing info during refresh. "On-the-fly" syntax checking information may be incorrect. [D:\work\3\hw_lab\projfinaljingjing\hw_syn_lab_project\project_vgadude_test1.srcs\sources_1\new\top.v:]
WARNING: [filemgmt 56-199] Attempt to get parsing info during refresh. "On-the-fly" syntax checking information may be incorrect. [D:\work\3\hw_lab\projfinaljingjing\hw_syn_lab_project\project_vgadude_test1.srcs\sources_1\new\transmitter.v:]
WARNING: [filemgmt 56-199] Attempt to get parsing info during refresh. "On-the-fly" syntax checking information may be incorrect. [D:\work\3\hw_lab\projfinaljingjing\hw_syn_lab_project\project_vgadude_test1.srcs\sources_1\new\uart.v:]
WARNING: [filemgmt 56-199] Attempt to get parsing info during refresh. "On-the-fly" syntax checking information may be incorrect. [D:\work\3\hw_lab\projfinaljingjing\hw_syn_lab_project\project_vgadude_test1.srcs\sources_1\new\top.v:]
WARNING: [filemgmt 56-199] Attempt to get parsing info during refresh. "On-the-fly" syntax checking information may be incorrect. [D:\work\3\hw_lab\projfinaljingjing\hw_syn_lab_project\project_vgadude_test1.srcs\sources_1\new\top.v:]
WARNING: [filemgmt 56-199] Attempt to get parsing info during refresh. "On-the-fly" syntax checking information may be incorrect. [D:\work\3\hw_lab\projfinaljingjing\hw_syn_lab_project\project_vgadude_test1.srcs\sources_1\new\receiver.v:]
WARNING: [filemgmt 56-199] Attempt to get parsing info during refresh. "On-the-fly" syntax checking information may be incorrect. [D:\work\3\hw_lab\projfinaljingjing\hw_syn_lab_project\project_vgadude_test1.srcs\sources_1\new\vga_controller.v:]
WARNING: [filemgmt 56-199] Attempt to get parsing info during refresh. "On-the-fly" syntax checking information may be incorrect. [D:\work\3\hw_lab\projfinaljingjing\hw_syn_lab_project\project_vgadude_test1.srcs\sources_1\new\top.v:]
WARNING: [filemgmt 56-199] Attempt to get parsing info during refresh. "On-the-fly" syntax checking information may be incorrect. [D:\work\3\hw_lab\projfinaljingjing\hw_syn_lab_project\project_vgadude_test1.srcs\sources_1\new\transmitter.v:]
WARNING: [filemgmt 56-199] Attempt to get parsing info during refresh. "On-the-fly" syntax checking information may be incorrect. [D:\work\3\hw_lab\projfinaljingjing\hw_syn_lab_project\project_vgadude_test1.srcs\sources_1\new\uart.v:]
WARNING: [filemgmt 56-199] Attempt to get parsing info during refresh. "On-the-fly" syntax checking information may be incorrect. [D:\work\3\hw_lab\projfinaljingjing\hw_syn_lab_project\project_vgadude_test1.srcs\sources_1\new\uart.v:]
WARNING: [filemgmt 56-199] Attempt to get parsing info during refresh. "On-the-fly" syntax checking information may be incorrect. [D:\work\3\hw_lab\projfinaljingjing\hw_syn_lab_project\project_vgadude_test1.srcs\sources_1\new\uart.v:]
WARNING: [filemgmt 56-199] Attempt to get parsing info during refresh. "On-the-fly" syntax checking information may be incorrect. [D:\work\3\hw_lab\projfinaljingjing\hw_syn_lab_project\project_vgadude_test1.srcs\sources_1\new\receiver.v:]
WARNING: [filemgmt 56-199] Attempt to get parsing info during refresh. "On-the-fly" syntax checking information may be incorrect. [D:\work\3\hw_lab\projfinaljingjing\hw_syn_lab_project\project_vgadude_test1.srcs\sources_1\new\vga_controller.v:]
WARNING: [filemgmt 56-199] Attempt to get parsing info during refresh. "On-the-fly" syntax checking information may be incorrect. [D:\work\3\hw_lab\projfinaljingjing\hw_syn_lab_project\project_vgadude_test1.srcs\sources_1\new\top.v:]
WARNING: [filemgmt 56-199] Attempt to get parsing info during refresh. "On-the-fly" syntax checking information may be incorrect. [D:\work\3\hw_lab\projfinaljingjing\hw_syn_lab_project\project_vgadude_test1.srcs\sources_1\new\transmitter.v:]
WARNING: [filemgmt 56-199] Attempt to get parsing info during refresh. "On-the-fly" syntax checking information may be incorrect. [D:\work\3\hw_lab\projfinaljingjing\hw_syn_lab_project\project_vgadude_test1.srcs\sources_1\new\uart.v:]
WARNING: [filemgmt 56-199] Attempt to get parsing info during refresh. "On-the-fly" syntax checking information may be incorrect. [D:\work\3\hw_lab\projfinaljingjing\hw_syn_lab_project\project_vgadude_test1.srcs\sources_1\new\vga_controller.v:]
WARNING: [filemgmt 56-199] Attempt to get parsing info during refresh. "On-the-fly" syntax checking information may be incorrect. [D:\work\3\hw_lab\projfinaljingjing\hw_syn_lab_project\project_vgadude_test1.srcs\sources_1\new\vga_controller.v:]
WARNING: [filemgmt 56-199] Attempt to get parsing info during refresh. "On-the-fly" syntax checking information may be incorrect. [D:\work\3\hw_lab\projfinaljingjing\hw_syn_lab_project\project_vgadude_test1.srcs\sources_1\new\receiver.v:]
WARNING: [filemgmt 56-199] Attempt to get parsing info during refresh. "On-the-fly" syntax checking information may be incorrect. [D:\work\3\hw_lab\projfinaljingjing\hw_syn_lab_project\project_vgadude_test1.srcs\sources_1\new\vga_controller.v:]
WARNING: [filemgmt 56-199] Attempt to get parsing info during refresh. "On-the-fly" syntax checking information may be incorrect. [D:\work\3\hw_lab\projfinaljingjing\hw_syn_lab_project\project_vgadude_test1.srcs\sources_1\new\top.v:]
WARNING: [filemgmt 56-199] Attempt to get parsing info during refresh. "On-the-fly" syntax checking information may be incorrect. [D:\work\3\hw_lab\projfinaljingjing\hw_syn_lab_project\project_vgadude_test1.srcs\sources_1\new\transmitter.v:]
WARNING: [filemgmt 56-199] Attempt to get parsing info during refresh. "On-the-fly" syntax checking information may be incorrect. [D:\work\3\hw_lab\projfinaljingjing\hw_syn_lab_project\project_vgadude_test1.srcs\sources_1\new\uart.v:]
WARNING: [filemgmt 56-199] Attempt to get parsing info during refresh. "On-the-fly" syntax checking information may be incorrect. [D:\work\3\hw_lab\projfinaljingjing\hw_syn_lab_project\project_vgadude_test1.srcs\sources_1\new\transmitter.v:]
WARNING: [filemgmt 56-199] Attempt to get parsing info during refresh. "On-the-fly" syntax checking information may be incorrect. [D:\work\3\hw_lab\projfinaljingjing\hw_syn_lab_project\project_vgadude_test1.srcs\sources_1\new\transmitter.v:]
reset_run impl_1 -prev_step 
launch_runs impl_1 -to_step write_bitstream -jobs 4
[Wed Dec  4 14:00:16 2024] Launched impl_1...
Run output will be captured here: D:/work/3/hw_lab/projfinaljingjing/hw_syn_lab_project/project_vgadude_test1.runs/impl_1/runme.log
close_hw_manager
WARNING: [filemgmt 56-199] Attempt to get parsing info during refresh. "On-the-fly" syntax checking information may be incorrect. [D:\work\3\hw_lab\projfinaljingjing\hw_syn_lab_project\project_vgadude_test1.srcs\sources_1\new\receiver.v:]
WARNING: [filemgmt 56-199] Attempt to get parsing info during refresh. "On-the-fly" syntax checking information may be incorrect. [D:\work\3\hw_lab\projfinaljingjing\hw_syn_lab_project\project_vgadude_test1.srcs\sources_1\new\vga_controller.v:]
WARNING: [filemgmt 56-199] Attempt to get parsing info during refresh. "On-the-fly" syntax checking information may be incorrect. [D:\work\3\hw_lab\projfinaljingjing\hw_syn_lab_project\project_vgadude_test1.srcs\sources_1\new\top.v:]
WARNING: [filemgmt 56-199] Attempt to get parsing info during refresh. "On-the-fly" syntax checking information may be incorrect. [D:\work\3\hw_lab\projfinaljingjing\hw_syn_lab_project\project_vgadude_test1.srcs\sources_1\new\transmitter.v:]
WARNING: [filemgmt 56-199] Attempt to get parsing info during refresh. "On-the-fly" syntax checking information may be incorrect. [D:\work\3\hw_lab\projfinaljingjing\hw_syn_lab_project\project_vgadude_test1.srcs\sources_1\new\uart.v:]
WARNING: [filemgmt 56-199] Attempt to get parsing info during refresh. "On-the-fly" syntax checking information may be incorrect. [D:\work\3\hw_lab\projfinaljingjing\hw_syn_lab_project\project_vgadude_test1.srcs\sources_1\new\top.v:]
WARNING: [filemgmt 56-199] Attempt to get parsing info during refresh. "On-the-fly" syntax checking information may be incorrect. [D:\work\3\hw_lab\projfinaljingjing\hw_syn_lab_project\project_vgadude_test1.srcs\sources_1\new\top.v:]
WARNING: [filemgmt 56-199] Attempt to get parsing info during refresh. "On-the-fly" syntax checking information may be incorrect. [D:\work\3\hw_lab\projfinaljingjing\hw_syn_lab_project\project_vgadude_test1.srcs\sources_1\new\receiver.v:]
WARNING: [filemgmt 56-199] Attempt to get parsing info during refresh. "On-the-fly" syntax checking information may be incorrect. [D:\work\3\hw_lab\projfinaljingjing\hw_syn_lab_project\project_vgadude_test1.srcs\sources_1\new\vga_controller.v:]
WARNING: [filemgmt 56-199] Attempt to get parsing info during refresh. "On-the-fly" syntax checking information may be incorrect. [D:\work\3\hw_lab\projfinaljingjing\hw_syn_lab_project\project_vgadude_test1.srcs\sources_1\new\top.v:]
WARNING: [filemgmt 56-199] Attempt to get parsing info during refresh. "On-the-fly" syntax checking information may be incorrect. [D:\work\3\hw_lab\projfinaljingjing\hw_syn_lab_project\project_vgadude_test1.srcs\sources_1\new\transmitter.v:]
WARNING: [filemgmt 56-199] Attempt to get parsing info during refresh. "On-the-fly" syntax checking information may be incorrect. [D:\work\3\hw_lab\projfinaljingjing\hw_syn_lab_project\project_vgadude_test1.srcs\sources_1\new\uart.v:]
WARNING: [filemgmt 56-199] Attempt to get parsing info during refresh. "On-the-fly" syntax checking information may be incorrect. [D:\work\3\hw_lab\projfinaljingjing\hw_syn_lab_project\project_vgadude_test1.srcs\sources_1\new\uart.v:]
WARNING: [filemgmt 56-199] Attempt to get parsing info during refresh. "On-the-fly" syntax checking information may be incorrect. [D:\work\3\hw_lab\projfinaljingjing\hw_syn_lab_project\project_vgadude_test1.srcs\sources_1\new\uart.v:]
WARNING: [filemgmt 56-199] Attempt to get parsing info during refresh. "On-the-fly" syntax checking information may be incorrect. [D:\work\3\hw_lab\projfinaljingjing\hw_syn_lab_project\project_vgadude_test1.srcs\sources_1\new\receiver.v:]
WARNING: [filemgmt 56-199] Attempt to get parsing info during refresh. "On-the-fly" syntax checking information may be incorrect. [D:\work\3\hw_lab\projfinaljingjing\hw_syn_lab_project\project_vgadude_test1.srcs\sources_1\new\vga_controller.v:]
WARNING: [filemgmt 56-199] Attempt to get parsing info during refresh. "On-the-fly" syntax checking information may be incorrect. [D:\work\3\hw_lab\projfinaljingjing\hw_syn_lab_project\project_vgadude_test1.srcs\sources_1\new\top.v:]
WARNING: [filemgmt 56-199] Attempt to get parsing info during refresh. "On-the-fly" syntax checking information may be incorrect. [D:\work\3\hw_lab\projfinaljingjing\hw_syn_lab_project\project_vgadude_test1.srcs\sources_1\new\transmitter.v:]
WARNING: [filemgmt 56-199] Attempt to get parsing info during refresh. "On-the-fly" syntax checking information may be incorrect. [D:\work\3\hw_lab\projfinaljingjing\hw_syn_lab_project\project_vgadude_test1.srcs\sources_1\new\uart.v:]
WARNING: [filemgmt 56-199] Attempt to get parsing info during refresh. "On-the-fly" syntax checking information may be incorrect. [D:\work\3\hw_lab\projfinaljingjing\hw_syn_lab_project\project_vgadude_test1.srcs\sources_1\new\transmitter.v:]
WARNING: [filemgmt 56-199] Attempt to get parsing info during refresh. "On-the-fly" syntax checking information may be incorrect. [D:\work\3\hw_lab\projfinaljingjing\hw_syn_lab_project\project_vgadude_test1.srcs\sources_1\new\transmitter.v:]
ERROR: [Common 17-180] Spawn failed: No error
WARNING: [filemgmt 56-199] Attempt to get parsing info during refresh. "On-the-fly" syntax checking information may be incorrect. [D:\work\3\hw_lab\projfinaljingjing\hw_syn_lab_project\project_vgadude_test1.srcs\sources_1\new\receiver.v:]
WARNING: [filemgmt 56-199] Attempt to get parsing info during refresh. "On-the-fly" syntax checking information may be incorrect. [D:\work\3\hw_lab\projfinaljingjing\hw_syn_lab_project\project_vgadude_test1.srcs\sources_1\new\vga_controller.v:]
WARNING: [filemgmt 56-199] Attempt to get parsing info during refresh. "On-the-fly" syntax checking information may be incorrect. [D:\work\3\hw_lab\projfinaljingjing\hw_syn_lab_project\project_vgadude_test1.srcs\sources_1\new\top.v:]
WARNING: [filemgmt 56-199] Attempt to get parsing info during refresh. "On-the-fly" syntax checking information may be incorrect. [D:\work\3\hw_lab\projfinaljingjing\hw_syn_lab_project\project_vgadude_test1.srcs\sources_1\new\transmitter.v:]
WARNING: [filemgmt 56-199] Attempt to get parsing info during refresh. "On-the-fly" syntax checking information may be incorrect. [D:\work\3\hw_lab\projfinaljingjing\hw_syn_lab_project\project_vgadude_test1.srcs\sources_1\new\uart.v:]
WARNING: [filemgmt 56-199] Attempt to get parsing info during refresh. "On-the-fly" syntax checking information may be incorrect. [D:\work\3\hw_lab\projfinaljingjing\hw_syn_lab_project\project_vgadude_test1.srcs\sources_1\new\receiver.v:]
WARNING: [filemgmt 56-199] Attempt to get parsing info during refresh. "On-the-fly" syntax checking information may be incorrect. [D:\work\3\hw_lab\projfinaljingjing\hw_syn_lab_project\project_vgadude_test1.srcs\sources_1\new\receiver.v:]
ERROR: [Common 17-180] Spawn failed: No error
reset_run synth_1
INFO: [Project 1-1161] Replacing file D:/work/3/hw_lab/projfinaljingjing/hw_syn_lab_project/project_vgadude_test1.srcs/utils_1/imports/synth_1/top.dcp with file D:/work/3/hw_lab/projfinaljingjing/hw_syn_lab_project/project_vgadude_test1.runs/synth_1/top.dcp
launch_runs impl_1 -to_step write_bitstream -jobs 4
[Wed Dec  4 14:02:04 2024] Launched synth_1...
Run output will be captured here: D:/work/3/hw_lab/projfinaljingjing/hw_syn_lab_project/project_vgadude_test1.runs/synth_1/runme.log
[Wed Dec  4 14:02:04 2024] Launched impl_1...
Run output will be captured here: D:/work/3/hw_lab/projfinaljingjing/hw_syn_lab_project/project_vgadude_test1.runs/impl_1/runme.log
WARNING: [filemgmt 56-199] Attempt to get parsing info during refresh. "On-the-fly" syntax checking information may be incorrect. [D:\work\3\hw_lab\projfinaljingjing\hw_syn_lab_project\project_vgadude_test1.srcs\sources_1\new\receiver.v:]
WARNING: [filemgmt 56-199] Attempt to get parsing info during refresh. "On-the-fly" syntax checking information may be incorrect. [D:\work\3\hw_lab\projfinaljingjing\hw_syn_lab_project\project_vgadude_test1.srcs\sources_1\new\vga_controller.v:]
WARNING: [filemgmt 56-199] Attempt to get parsing info during refresh. "On-the-fly" syntax checking information may be incorrect. [D:\work\3\hw_lab\projfinaljingjing\hw_syn_lab_project\project_vgadude_test1.srcs\sources_1\new\top.v:]
WARNING: [filemgmt 56-199] Attempt to get parsing info during refresh. "On-the-fly" syntax checking information may be incorrect. [D:\work\3\hw_lab\projfinaljingjing\hw_syn_lab_project\project_vgadude_test1.srcs\sources_1\new\transmitter.v:]
WARNING: [filemgmt 56-199] Attempt to get parsing info during refresh. "On-the-fly" syntax checking information may be incorrect. [D:\work\3\hw_lab\projfinaljingjing\hw_syn_lab_project\project_vgadude_test1.srcs\sources_1\new\uart.v:]
WARNING: [filemgmt 56-199] Attempt to get parsing info during refresh. "On-the-fly" syntax checking information may be incorrect. [D:\work\3\hw_lab\projfinaljingjing\hw_syn_lab_project\project_vgadude_test1.srcs\sources_1\new\top.v:]
WARNING: [filemgmt 56-199] Attempt to get parsing info during refresh. "On-the-fly" syntax checking information may be incorrect. [D:\work\3\hw_lab\projfinaljingjing\hw_syn_lab_project\project_vgadude_test1.srcs\sources_1\new\top.v:]
WARNING: [filemgmt 56-199] Attempt to get parsing info during refresh. "On-the-fly" syntax checking information may be incorrect. [D:\work\3\hw_lab\projfinaljingjing\hw_syn_lab_project\project_vgadude_test1.srcs\sources_1\new\receiver.v:]
WARNING: [filemgmt 56-199] Attempt to get parsing info during refresh. "On-the-fly" syntax checking information may be incorrect. [D:\work\3\hw_lab\projfinaljingjing\hw_syn_lab_project\project_vgadude_test1.srcs\sources_1\new\vga_controller.v:]
WARNING: [filemgmt 56-199] Attempt to get parsing info during refresh. "On-the-fly" syntax checking information may be incorrect. [D:\work\3\hw_lab\projfinaljingjing\hw_syn_lab_project\project_vgadude_test1.srcs\sources_1\new\top.v:]
WARNING: [filemgmt 56-199] Attempt to get parsing info during refresh. "On-the-fly" syntax checking information may be incorrect. [D:\work\3\hw_lab\projfinaljingjing\hw_syn_lab_project\project_vgadude_test1.srcs\sources_1\new\transmitter.v:]
WARNING: [filemgmt 56-199] Attempt to get parsing info during refresh. "On-the-fly" syntax checking information may be incorrect. [D:\work\3\hw_lab\projfinaljingjing\hw_syn_lab_project\project_vgadude_test1.srcs\sources_1\new\uart.v:]
WARNING: [filemgmt 56-199] Attempt to get parsing info during refresh. "On-the-fly" syntax checking information may be incorrect. [D:\work\3\hw_lab\projfinaljingjing\hw_syn_lab_project\project_vgadude_test1.srcs\sources_1\new\uart.v:]
WARNING: [filemgmt 56-199] Attempt to get parsing info during refresh. "On-the-fly" syntax checking information may be incorrect. [D:\work\3\hw_lab\projfinaljingjing\hw_syn_lab_project\project_vgadude_test1.srcs\sources_1\new\uart.v:]
WARNING: [filemgmt 56-199] Attempt to get parsing info during refresh. "On-the-fly" syntax checking information may be incorrect. [D:\work\3\hw_lab\projfinaljingjing\hw_syn_lab_project\project_vgadude_test1.srcs\sources_1\new\receiver.v:]
WARNING: [filemgmt 56-199] Attempt to get parsing info during refresh. "On-the-fly" syntax checking information may be incorrect. [D:\work\3\hw_lab\projfinaljingjing\hw_syn_lab_project\project_vgadude_test1.srcs\sources_1\new\vga_controller.v:]
WARNING: [filemgmt 56-199] Attempt to get parsing info during refresh. "On-the-fly" syntax checking information may be incorrect. [D:\work\3\hw_lab\projfinaljingjing\hw_syn_lab_project\project_vgadude_test1.srcs\sources_1\new\top.v:]
WARNING: [filemgmt 56-199] Attempt to get parsing info during refresh. "On-the-fly" syntax checking information may be incorrect. [D:\work\3\hw_lab\projfinaljingjing\hw_syn_lab_project\project_vgadude_test1.srcs\sources_1\new\transmitter.v:]
WARNING: [filemgmt 56-199] Attempt to get parsing info during refresh. "On-the-fly" syntax checking information may be incorrect. [D:\work\3\hw_lab\projfinaljingjing\hw_syn_lab_project\project_vgadude_test1.srcs\sources_1\new\uart.v:]
WARNING: [filemgmt 56-199] Attempt to get parsing info during refresh. "On-the-fly" syntax checking information may be incorrect. [D:\work\3\hw_lab\projfinaljingjing\hw_syn_lab_project\project_vgadude_test1.srcs\sources_1\new\vga_controller.v:]
WARNING: [filemgmt 56-199] Attempt to get parsing info during refresh. "On-the-fly" syntax checking information may be incorrect. [D:\work\3\hw_lab\projfinaljingjing\hw_syn_lab_project\project_vgadude_test1.srcs\sources_1\new\vga_controller.v:]
WARNING: [filemgmt 56-199] Attempt to get parsing info during refresh. "On-the-fly" syntax checking information may be incorrect. [D:\work\3\hw_lab\projfinaljingjing\hw_syn_lab_project\project_vgadude_test1.srcs\sources_1\new\receiver.v:]
WARNING: [filemgmt 56-199] Attempt to get parsing info during refresh. "On-the-fly" syntax checking information may be incorrect. [D:\work\3\hw_lab\projfinaljingjing\hw_syn_lab_project\project_vgadude_test1.srcs\sources_1\new\vga_controller.v:]
WARNING: [filemgmt 56-199] Attempt to get parsing info during refresh. "On-the-fly" syntax checking information may be incorrect. [D:\work\3\hw_lab\projfinaljingjing\hw_syn_lab_project\project_vgadude_test1.srcs\sources_1\new\top.v:]
WARNING: [filemgmt 56-199] Attempt to get parsing info during refresh. "On-the-fly" syntax checking information may be incorrect. [D:\work\3\hw_lab\projfinaljingjing\hw_syn_lab_project\project_vgadude_test1.srcs\sources_1\new\transmitter.v:]
WARNING: [filemgmt 56-199] Attempt to get parsing info during refresh. "On-the-fly" syntax checking information may be incorrect. [D:\work\3\hw_lab\projfinaljingjing\hw_syn_lab_project\project_vgadude_test1.srcs\sources_1\new\uart.v:]
WARNING: [filemgmt 56-199] Attempt to get parsing info during refresh. "On-the-fly" syntax checking information may be incorrect. [D:\work\3\hw_lab\projfinaljingjing\hw_syn_lab_project\project_vgadude_test1.srcs\sources_1\new\transmitter.v:]
WARNING: [filemgmt 56-199] Attempt to get parsing info during refresh. "On-the-fly" syntax checking information may be incorrect. [D:\work\3\hw_lab\projfinaljingjing\hw_syn_lab_project\project_vgadude_test1.srcs\sources_1\new\transmitter.v:]
WARNING: [filemgmt 56-199] Attempt to get parsing info during refresh. "On-the-fly" syntax checking information may be incorrect. [D:\work\3\hw_lab\projfinaljingjing\hw_syn_lab_project\project_vgadude_test1.srcs\sources_1\new\receiver.v:]
WARNING: [filemgmt 56-199] Attempt to get parsing info during refresh. "On-the-fly" syntax checking information may be incorrect. [D:\work\3\hw_lab\projfinaljingjing\hw_syn_lab_project\project_vgadude_test1.srcs\sources_1\new\vga_controller.v:]
WARNING: [filemgmt 56-199] Attempt to get parsing info during refresh. "On-the-fly" syntax checking information may be incorrect. [D:\work\3\hw_lab\projfinaljingjing\hw_syn_lab_project\project_vgadude_test1.srcs\sources_1\new\simple_dual_one_clock.v:]
WARNING: [filemgmt 56-199] Attempt to get parsing info during refresh. "On-the-fly" syntax checking information may be incorrect. [D:\work\3\hw_lab\projfinaljingjing\hw_syn_lab_project\project_vgadude_test1.srcs\sources_1\new\top.v:]
WARNING: [filemgmt 56-199] Attempt to get parsing info during refresh. "On-the-fly" syntax checking information may be incorrect. [D:\work\3\hw_lab\projfinaljingjing\hw_syn_lab_project\project_vgadude_test1.srcs\sources_1\new\transmitter.v:]
WARNING: [filemgmt 56-199] Attempt to get parsing info during refresh. "On-the-fly" syntax checking information may be incorrect. [D:\work\3\hw_lab\projfinaljingjing\hw_syn_lab_project\project_vgadude_test1.srcs\sources_1\new\uart.v:]
WARNING: [filemgmt 56-199] Attempt to get parsing info during refresh. "On-the-fly" syntax checking information may be incorrect. [D:\work\3\hw_lab\projfinaljingjing\hw_syn_lab_project\project_vgadude_test1.srcs\sources_1\new\top.v:]
WARNING: [filemgmt 56-199] Attempt to get parsing info during refresh. "On-the-fly" syntax checking information may be incorrect. [D:\work\3\hw_lab\projfinaljingjing\hw_syn_lab_project\project_vgadude_test1.srcs\sources_1\new\top.v:]
WARNING: [filemgmt 56-199] Attempt to get parsing info during refresh. "On-the-fly" syntax checking information may be incorrect. [D:\work\3\hw_lab\projfinaljingjing\hw_syn_lab_project\project_vgadude_test1.srcs\sources_1\new\receiver.v:]
WARNING: [filemgmt 56-199] Attempt to get parsing info during refresh. "On-the-fly" syntax checking information may be incorrect. [D:\work\3\hw_lab\projfinaljingjing\hw_syn_lab_project\project_vgadude_test1.srcs\sources_1\new\vga_controller.v:]
WARNING: [filemgmt 56-199] Attempt to get parsing info during refresh. "On-the-fly" syntax checking information may be incorrect. [D:\work\3\hw_lab\projfinaljingjing\hw_syn_lab_project\project_vgadude_test1.srcs\sources_1\new\simple_dual_one_clock.v:]
WARNING: [filemgmt 56-199] Attempt to get parsing info during refresh. "On-the-fly" syntax checking information may be incorrect. [D:\work\3\hw_lab\projfinaljingjing\hw_syn_lab_project\project_vgadude_test1.srcs\sources_1\new\top.v:]
WARNING: [filemgmt 56-199] Attempt to get parsing info during refresh. "On-the-fly" syntax checking information may be incorrect. [D:\work\3\hw_lab\projfinaljingjing\hw_syn_lab_project\project_vgadude_test1.srcs\sources_1\new\transmitter.v:]
WARNING: [filemgmt 56-199] Attempt to get parsing info during refresh. "On-the-fly" syntax checking information may be incorrect. [D:\work\3\hw_lab\projfinaljingjing\hw_syn_lab_project\project_vgadude_test1.srcs\sources_1\new\uart.v:]
WARNING: [filemgmt 56-199] Attempt to get parsing info during refresh. "On-the-fly" syntax checking information may be incorrect. [D:\work\3\hw_lab\projfinaljingjing\hw_syn_lab_project\project_vgadude_test1.srcs\sources_1\new\vga_controller.v:]
WARNING: [filemgmt 56-199] Attempt to get parsing info during refresh. "On-the-fly" syntax checking information may be incorrect. [D:\work\3\hw_lab\projfinaljingjing\hw_syn_lab_project\project_vgadude_test1.srcs\sources_1\new\vga_controller.v:]
WARNING: [filemgmt 56-199] Attempt to get parsing info during refresh. "On-the-fly" syntax checking information may be incorrect. [D:\work\3\hw_lab\projfinaljingjing\hw_syn_lab_project\project_vgadude_test1.srcs\sources_1\new\receiver.v:]
WARNING: [filemgmt 56-199] Attempt to get parsing info during refresh. "On-the-fly" syntax checking information may be incorrect. [D:\work\3\hw_lab\projfinaljingjing\hw_syn_lab_project\project_vgadude_test1.srcs\sources_1\new\vga_controller.v:]
WARNING: [filemgmt 56-199] Attempt to get parsing info during refresh. "On-the-fly" syntax checking information may be incorrect. [D:\work\3\hw_lab\projfinaljingjing\hw_syn_lab_project\project_vgadude_test1.srcs\sources_1\new\simple_dual_one_clock.v:]
WARNING: [filemgmt 56-199] Attempt to get parsing info during refresh. "On-the-fly" syntax checking information may be incorrect. [D:\work\3\hw_lab\projfinaljingjing\hw_syn_lab_project\project_vgadude_test1.srcs\sources_1\new\top.v:]
WARNING: [filemgmt 56-199] Attempt to get parsing info during refresh. "On-the-fly" syntax checking information may be incorrect. [D:\work\3\hw_lab\projfinaljingjing\hw_syn_lab_project\project_vgadude_test1.srcs\sources_1\new\transmitter.v:]
WARNING: [filemgmt 56-199] Attempt to get parsing info during refresh. "On-the-fly" syntax checking information may be incorrect. [D:\work\3\hw_lab\projfinaljingjing\hw_syn_lab_project\project_vgadude_test1.srcs\sources_1\new\uart.v:]
WARNING: [filemgmt 56-199] Attempt to get parsing info during refresh. "On-the-fly" syntax checking information may be incorrect. [D:\work\3\hw_lab\projfinaljingjing\hw_syn_lab_project\project_vgadude_test1.srcs\sources_1\new\transmitter.v:]
WARNING: [filemgmt 56-199] Attempt to get parsing info during refresh. "On-the-fly" syntax checking information may be incorrect. [D:\work\3\hw_lab\projfinaljingjing\hw_syn_lab_project\project_vgadude_test1.srcs\sources_1\new\transmitter.v:]
WARNING: [filemgmt 56-199] Attempt to get parsing info during refresh. "On-the-fly" syntax checking information may be incorrect. [D:\work\3\hw_lab\projfinaljingjing\hw_syn_lab_project\project_vgadude_test1.srcs\sources_1\new\receiver.v:]
WARNING: [filemgmt 56-199] Attempt to get parsing info during refresh. "On-the-fly" syntax checking information may be incorrect. [D:\work\3\hw_lab\projfinaljingjing\hw_syn_lab_project\project_vgadude_test1.srcs\sources_1\new\vga_controller.v:]
WARNING: [filemgmt 56-199] Attempt to get parsing info during refresh. "On-the-fly" syntax checking information may be incorrect. [D:\work\3\hw_lab\projfinaljingjing\hw_syn_lab_project\project_vgadude_test1.srcs\sources_1\new\simple_dual_one_clock.v:]
WARNING: [filemgmt 56-199] Attempt to get parsing info during refresh. "On-the-fly" syntax checking information may be incorrect. [D:\work\3\hw_lab\projfinaljingjing\hw_syn_lab_project\project_vgadude_test1.srcs\sources_1\new\top.v:]
WARNING: [filemgmt 56-199] Attempt to get parsing info during refresh. "On-the-fly" syntax checking information may be incorrect. [D:\work\3\hw_lab\projfinaljingjing\hw_syn_lab_project\project_vgadude_test1.srcs\sources_1\new\transmitter.v:]
WARNING: [filemgmt 56-199] Attempt to get parsing info during refresh. "On-the-fly" syntax checking information may be incorrect. [D:\work\3\hw_lab\projfinaljingjing\hw_syn_lab_project\project_vgadude_test1.srcs\sources_1\new\uart.v:]
WARNING: [filemgmt 56-199] Attempt to get parsing info during refresh. "On-the-fly" syntax checking information may be incorrect. [D:\work\3\hw_lab\projfinaljingjing\hw_syn_lab_project\project_vgadude_test1.srcs\sources_1\new\uart.v:]
WARNING: [filemgmt 56-199] Attempt to get parsing info during refresh. "On-the-fly" syntax checking information may be incorrect. [D:\work\3\hw_lab\projfinaljingjing\hw_syn_lab_project\project_vgadude_test1.srcs\sources_1\new\uart.v:]
ERROR: [Common 17-180] Spawn failed: No error
reset_run synth_1
launch_runs impl_1 -to_step write_bitstream -jobs 4
[Wed Dec  4 14:03:13 2024] Launched synth_1...
Run output will be captured here: D:/work/3/hw_lab/projfinaljingjing/hw_syn_lab_project/project_vgadude_test1.runs/synth_1/runme.log
[Wed Dec  4 14:03:13 2024] Launched impl_1...
Run output will be captured here: D:/work/3/hw_lab/projfinaljingjing/hw_syn_lab_project/project_vgadude_test1.runs/impl_1/runme.log
WARNING: [filemgmt 56-199] Attempt to get parsing info during refresh. "On-the-fly" syntax checking information may be incorrect. [D:\work\3\hw_lab\projfinaljingjing\hw_syn_lab_project\project_vgadude_test1.srcs\sources_1\new\receiver.v:]
WARNING: [filemgmt 56-199] Attempt to get parsing info during refresh. "On-the-fly" syntax checking information may be incorrect. [D:\work\3\hw_lab\projfinaljingjing\hw_syn_lab_project\project_vgadude_test1.srcs\sources_1\new\vga_controller.v:]
WARNING: [filemgmt 56-199] Attempt to get parsing info during refresh. "On-the-fly" syntax checking information may be incorrect. [D:\work\3\hw_lab\projfinaljingjing\hw_syn_lab_project\project_vgadude_test1.srcs\sources_1\new\simple_dual_one_clock.v:]
WARNING: [filemgmt 56-199] Attempt to get parsing info during refresh. "On-the-fly" syntax checking information may be incorrect. [D:\work\3\hw_lab\projfinaljingjing\hw_syn_lab_project\project_vgadude_test1.srcs\sources_1\new\top.v:]
WARNING: [filemgmt 56-199] Attempt to get parsing info during refresh. "On-the-fly" syntax checking information may be incorrect. [D:\work\3\hw_lab\projfinaljingjing\hw_syn_lab_project\project_vgadude_test1.srcs\sources_1\new\transmitter.v:]
WARNING: [filemgmt 56-199] Attempt to get parsing info during refresh. "On-the-fly" syntax checking information may be incorrect. [D:\work\3\hw_lab\projfinaljingjing\hw_syn_lab_project\project_vgadude_test1.srcs\sources_1\new\uart.v:]
WARNING: [filemgmt 56-199] Attempt to get parsing info during refresh. "On-the-fly" syntax checking information may be incorrect. [D:\work\3\hw_lab\projfinaljingjing\hw_syn_lab_project\project_vgadude_test1.srcs\sources_1\new\top.v:]
WARNING: [filemgmt 56-199] Attempt to get parsing info during refresh. "On-the-fly" syntax checking information may be incorrect. [D:\work\3\hw_lab\projfinaljingjing\hw_syn_lab_project\project_vgadude_test1.srcs\sources_1\new\top.v:]
WARNING: [filemgmt 56-199] Attempt to get parsing info during refresh. "On-the-fly" syntax checking information may be incorrect. [D:\work\3\hw_lab\projfinaljingjing\hw_syn_lab_project\project_vgadude_test1.srcs\sources_1\new\receiver.v:]
WARNING: [filemgmt 56-199] Attempt to get parsing info during refresh. "On-the-fly" syntax checking information may be incorrect. [D:\work\3\hw_lab\projfinaljingjing\hw_syn_lab_project\project_vgadude_test1.srcs\sources_1\new\vga_controller.v:]
WARNING: [filemgmt 56-199] Attempt to get parsing info during refresh. "On-the-fly" syntax checking information may be incorrect. [D:\work\3\hw_lab\projfinaljingjing\hw_syn_lab_project\project_vgadude_test1.srcs\sources_1\new\simple_dual_one_clock.v:]
WARNING: [filemgmt 56-199] Attempt to get parsing info during refresh. "On-the-fly" syntax checking information may be incorrect. [D:\work\3\hw_lab\projfinaljingjing\hw_syn_lab_project\project_vgadude_test1.srcs\sources_1\new\top.v:]
WARNING: [filemgmt 56-199] Attempt to get parsing info during refresh. "On-the-fly" syntax checking information may be incorrect. [D:\work\3\hw_lab\projfinaljingjing\hw_syn_lab_project\project_vgadude_test1.srcs\sources_1\new\transmitter.v:]
WARNING: [filemgmt 56-199] Attempt to get parsing info during refresh. "On-the-fly" syntax checking information may be incorrect. [D:\work\3\hw_lab\projfinaljingjing\hw_syn_lab_project\project_vgadude_test1.srcs\sources_1\new\uart.v:]
WARNING: [filemgmt 56-199] Attempt to get parsing info during refresh. "On-the-fly" syntax checking information may be incorrect. [D:\work\3\hw_lab\projfinaljingjing\hw_syn_lab_project\project_vgadude_test1.srcs\sources_1\new\uart.v:]
WARNING: [filemgmt 56-199] Attempt to get parsing info during refresh. "On-the-fly" syntax checking information may be incorrect. [D:\work\3\hw_lab\projfinaljingjing\hw_syn_lab_project\project_vgadude_test1.srcs\sources_1\new\uart.v:]
WARNING: [filemgmt 56-199] Attempt to get parsing info during refresh. "On-the-fly" syntax checking information may be incorrect. [D:\work\3\hw_lab\projfinaljingjing\hw_syn_lab_project\project_vgadude_test1.srcs\sources_1\new\receiver.v:]
WARNING: [filemgmt 56-199] Attempt to get parsing info during refresh. "On-the-fly" syntax checking information may be incorrect. [D:\work\3\hw_lab\projfinaljingjing\hw_syn_lab_project\project_vgadude_test1.srcs\sources_1\new\vga_controller.v:]
WARNING: [filemgmt 56-199] Attempt to get parsing info during refresh. "On-the-fly" syntax checking information may be incorrect. [D:\work\3\hw_lab\projfinaljingjing\hw_syn_lab_project\project_vgadude_test1.srcs\sources_1\new\simple_dual_one_clock.v:]
WARNING: [filemgmt 56-199] Attempt to get parsing info during refresh. "On-the-fly" syntax checking information may be incorrect. [D:\work\3\hw_lab\projfinaljingjing\hw_syn_lab_project\project_vgadude_test1.srcs\sources_1\new\top.v:]
WARNING: [filemgmt 56-199] Attempt to get parsing info during refresh. "On-the-fly" syntax checking information may be incorrect. [D:\work\3\hw_lab\projfinaljingjing\hw_syn_lab_project\project_vgadude_test1.srcs\sources_1\new\transmitter.v:]
WARNING: [filemgmt 56-199] Attempt to get parsing info during refresh. "On-the-fly" syntax checking information may be incorrect. [D:\work\3\hw_lab\projfinaljingjing\hw_syn_lab_project\project_vgadude_test1.srcs\sources_1\new\uart.v:]
WARNING: [filemgmt 56-199] Attempt to get parsing info during refresh. "On-the-fly" syntax checking information may be incorrect. [D:\work\3\hw_lab\projfinaljingjing\hw_syn_lab_project\project_vgadude_test1.srcs\sources_1\new\simple_dual_one_clock.v:]
WARNING: [filemgmt 56-199] Attempt to get parsing info during refresh. "On-the-fly" syntax checking information may be incorrect. [D:\work\3\hw_lab\projfinaljingjing\hw_syn_lab_project\project_vgadude_test1.srcs\sources_1\new\simple_dual_one_clock.v:]
ERROR: [Common 17-180] Spawn failed: No error
ERROR: [Common 17-180] Spawn failed: No error
WARNING: [filemgmt 56-199] Attempt to get parsing info during refresh. "On-the-fly" syntax checking information may be incorrect. [D:\work\3\hw_lab\projfinaljingjing\hw_syn_lab_project\project_vgadude_test1.srcs\sources_1\new\receiver.v:]
WARNING: [filemgmt 56-199] Attempt to get parsing info during refresh. "On-the-fly" syntax checking information may be incorrect. [D:\work\3\hw_lab\projfinaljingjing\hw_syn_lab_project\project_vgadude_test1.srcs\sources_1\new\vga_controller.v:]
WARNING: [filemgmt 56-199] Attempt to get parsing info during refresh. "On-the-fly" syntax checking information may be incorrect. [D:\work\3\hw_lab\projfinaljingjing\hw_syn_lab_project\project_vgadude_test1.srcs\sources_1\new\simple_dual_one_clock.v:]
WARNING: [filemgmt 56-199] Attempt to get parsing info during refresh. "On-the-fly" syntax checking information may be incorrect. [D:\work\3\hw_lab\projfinaljingjing\hw_syn_lab_project\project_vgadude_test1.srcs\sources_1\new\top.v:]
WARNING: [filemgmt 56-199] Attempt to get parsing info during refresh. "On-the-fly" syntax checking information may be incorrect. [D:\work\3\hw_lab\projfinaljingjing\hw_syn_lab_project\project_vgadude_test1.srcs\sources_1\new\transmitter.v:]
WARNING: [filemgmt 56-199] Attempt to get parsing info during refresh. "On-the-fly" syntax checking information may be incorrect. [D:\work\3\hw_lab\projfinaljingjing\hw_syn_lab_project\project_vgadude_test1.srcs\sources_1\new\uart.v:]
WARNING: [filemgmt 56-199] Attempt to get parsing info during refresh. "On-the-fly" syntax checking information may be incorrect. [D:\work\3\hw_lab\projfinaljingjing\hw_syn_lab_project\project_vgadude_test1.srcs\sources_1\new\vga_controller.v:]
WARNING: [filemgmt 56-199] Attempt to get parsing info during refresh. "On-the-fly" syntax checking information may be incorrect. [D:\work\3\hw_lab\projfinaljingjing\hw_syn_lab_project\project_vgadude_test1.srcs\sources_1\new\vga_controller.v:]
WARNING: [filemgmt 56-199] Attempt to get parsing info during refresh. "On-the-fly" syntax checking information may be incorrect. [D:\work\3\hw_lab\projfinaljingjing\hw_syn_lab_project\project_vgadude_test1.srcs\sources_1\new\receiver.v:]
WARNING: [filemgmt 56-199] Attempt to get parsing info during refresh. "On-the-fly" syntax checking information may be incorrect. [D:\work\3\hw_lab\projfinaljingjing\hw_syn_lab_project\project_vgadude_test1.srcs\sources_1\new\vga_controller.v:]
WARNING: [filemgmt 56-199] Attempt to get parsing info during refresh. "On-the-fly" syntax checking information may be incorrect. [D:\work\3\hw_lab\projfinaljingjing\hw_syn_lab_project\project_vgadude_test1.srcs\sources_1\new\simple_dual_one_clock.v:]
WARNING: [filemgmt 56-199] Attempt to get parsing info during refresh. "On-the-fly" syntax checking information may be incorrect. [D:\work\3\hw_lab\projfinaljingjing\hw_syn_lab_project\project_vgadude_test1.srcs\sources_1\new\top.v:]
WARNING: [filemgmt 56-199] Attempt to get parsing info during refresh. "On-the-fly" syntax checking information may be incorrect. [D:\work\3\hw_lab\projfinaljingjing\hw_syn_lab_project\project_vgadude_test1.srcs\sources_1\new\transmitter.v:]
WARNING: [filemgmt 56-199] Attempt to get parsing info during refresh. "On-the-fly" syntax checking information may be incorrect. [D:\work\3\hw_lab\projfinaljingjing\hw_syn_lab_project\project_vgadude_test1.srcs\sources_1\new\uart.v:]
WARNING: [filemgmt 56-199] Attempt to get parsing info during refresh. "On-the-fly" syntax checking information may be incorrect. [D:\work\3\hw_lab\projfinaljingjing\hw_syn_lab_project\project_vgadude_test1.srcs\sources_1\new\receiver.v:]
WARNING: [filemgmt 56-199] Attempt to get parsing info during refresh. "On-the-fly" syntax checking information may be incorrect. [D:\work\3\hw_lab\projfinaljingjing\hw_syn_lab_project\project_vgadude_test1.srcs\sources_1\new\receiver.v:]
ERROR: [Common 17-180] Spawn failed: No error
reset_run synth_1
INFO: [Project 1-1161] Replacing file D:/work/3/hw_lab/projfinaljingjing/hw_syn_lab_project/project_vgadude_test1.srcs/utils_1/imports/synth_1/top.dcp with file D:/work/3/hw_lab/projfinaljingjing/hw_syn_lab_project/project_vgadude_test1.runs/synth_1/top.dcp
WARNING: [filemgmt 56-199] Attempt to get parsing info during refresh. "On-the-fly" syntax checking information may be incorrect. [D:\work\3\hw_lab\projfinaljingjing\hw_syn_lab_project\project_vgadude_test1.srcs\sources_1\new\receiver.v:]
WARNING: [filemgmt 56-199] Attempt to get parsing info during refresh. "On-the-fly" syntax checking information may be incorrect. [D:\work\3\hw_lab\projfinaljingjing\hw_syn_lab_project\project_vgadude_test1.srcs\sources_1\new\vga_controller.v:]
WARNING: [filemgmt 56-199] Attempt to get parsing info during refresh. "On-the-fly" syntax checking information may be incorrect. [D:\work\3\hw_lab\projfinaljingjing\hw_syn_lab_project\project_vgadude_test1.srcs\sources_1\new\simple_dual_one_clock.v:]
WARNING: [filemgmt 56-199] Attempt to get parsing info during refresh. "On-the-fly" syntax checking information may be incorrect. [D:\work\3\hw_lab\projfinaljingjing\hw_syn_lab_project\project_vgadude_test1.srcs\sources_1\new\top.v:]
WARNING: [filemgmt 56-199] Attempt to get parsing info during refresh. "On-the-fly" syntax checking information may be incorrect. [D:\work\3\hw_lab\projfinaljingjing\hw_syn_lab_project\project_vgadude_test1.srcs\sources_1\new\transmitter.v:]
WARNING: [filemgmt 56-199] Attempt to get parsing info during refresh. "On-the-fly" syntax checking information may be incorrect. [D:\work\3\hw_lab\projfinaljingjing\hw_syn_lab_project\project_vgadude_test1.srcs\sources_1\new\uart.v:]
WARNING: [filemgmt 56-199] Attempt to get parsing info during refresh. "On-the-fly" syntax checking information may be incorrect. [D:\work\3\hw_lab\projfinaljingjing\hw_syn_lab_project\project_vgadude_test1.srcs\sources_1\new\top.v:]
WARNING: [filemgmt 56-199] Attempt to get parsing info during refresh. "On-the-fly" syntax checking information may be incorrect. [D:\work\3\hw_lab\projfinaljingjing\hw_syn_lab_project\project_vgadude_test1.srcs\sources_1\new\top.v:]
WARNING: [filemgmt 56-199] Attempt to get parsing info during refresh. "On-the-fly" syntax checking information may be incorrect. [D:\work\3\hw_lab\projfinaljingjing\hw_syn_lab_project\project_vgadude_test1.srcs\sources_1\new\receiver.v:]
WARNING: [filemgmt 56-199] Attempt to get parsing info during refresh. "On-the-fly" syntax checking information may be incorrect. [D:\work\3\hw_lab\projfinaljingjing\hw_syn_lab_project\project_vgadude_test1.srcs\sources_1\new\vga_controller.v:]
WARNING: [filemgmt 56-199] Attempt to get parsing info during refresh. "On-the-fly" syntax checking information may be incorrect. [D:\work\3\hw_lab\projfinaljingjing\hw_syn_lab_project\project_vgadude_test1.srcs\sources_1\new\simple_dual_one_clock.v:]
WARNING: [filemgmt 56-199] Attempt to get parsing info during refresh. "On-the-fly" syntax checking information may be incorrect. [D:\work\3\hw_lab\projfinaljingjing\hw_syn_lab_project\project_vgadude_test1.srcs\sources_1\new\top.v:]
WARNING: [filemgmt 56-199] Attempt to get parsing info during refresh. "On-the-fly" syntax checking information may be incorrect. [D:\work\3\hw_lab\projfinaljingjing\hw_syn_lab_project\project_vgadude_test1.srcs\sources_1\new\transmitter.v:]
WARNING: [filemgmt 56-199] Attempt to get parsing info during refresh. "On-the-fly" syntax checking information may be incorrect. [D:\work\3\hw_lab\projfinaljingjing\hw_syn_lab_project\project_vgadude_test1.srcs\sources_1\new\uart.v:]
WARNING: [filemgmt 56-199] Attempt to get parsing info during refresh. "On-the-fly" syntax checking information may be incorrect. [D:\work\3\hw_lab\projfinaljingjing\hw_syn_lab_project\project_vgadude_test1.srcs\sources_1\new\uart.v:]
WARNING: [filemgmt 56-199] Attempt to get parsing info during refresh. "On-the-fly" syntax checking information may be incorrect. [D:\work\3\hw_lab\projfinaljingjing\hw_syn_lab_project\project_vgadude_test1.srcs\sources_1\new\uart.v:]
launch_runs impl_1 -to_step write_bitstream -jobs 4
[Wed Dec  4 14:05:30 2024] Launched synth_1...
Run output will be captured here: D:/work/3/hw_lab/projfinaljingjing/hw_syn_lab_project/project_vgadude_test1.runs/synth_1/runme.log
[Wed Dec  4 14:05:30 2024] Launched impl_1...
Run output will be captured here: D:/work/3/hw_lab/projfinaljingjing/hw_syn_lab_project/project_vgadude_test1.runs/impl_1/runme.log
WARNING: [filemgmt 56-199] Attempt to get parsing info during refresh. "On-the-fly" syntax checking information may be incorrect. [D:\work\3\hw_lab\projfinaljingjing\hw_syn_lab_project\project_vgadude_test1.srcs\sources_1\new\receiver.v:]
WARNING: [filemgmt 56-199] Attempt to get parsing info during refresh. "On-the-fly" syntax checking information may be incorrect. [D:\work\3\hw_lab\projfinaljingjing\hw_syn_lab_project\project_vgadude_test1.srcs\sources_1\new\vga_controller.v:]
WARNING: [filemgmt 56-199] Attempt to get parsing info during refresh. "On-the-fly" syntax checking information may be incorrect. [D:\work\3\hw_lab\projfinaljingjing\hw_syn_lab_project\project_vgadude_test1.srcs\sources_1\new\simple_dual_one_clock.v:]
WARNING: [filemgmt 56-199] Attempt to get parsing info during refresh. "On-the-fly" syntax checking information may be incorrect. [D:\work\3\hw_lab\projfinaljingjing\hw_syn_lab_project\project_vgadude_test1.srcs\sources_1\new\top.v:]
WARNING: [filemgmt 56-199] Attempt to get parsing info during refresh. "On-the-fly" syntax checking information may be incorrect. [D:\work\3\hw_lab\projfinaljingjing\hw_syn_lab_project\project_vgadude_test1.srcs\sources_1\new\transmitter.v:]
WARNING: [filemgmt 56-199] Attempt to get parsing info during refresh. "On-the-fly" syntax checking information may be incorrect. [D:\work\3\hw_lab\projfinaljingjing\hw_syn_lab_project\project_vgadude_test1.srcs\sources_1\new\uart.v:]
WARNING: [filemgmt 56-199] Attempt to get parsing info during refresh. "On-the-fly" syntax checking information may be incorrect. [D:\work\3\hw_lab\projfinaljingjing\hw_syn_lab_project\project_vgadude_test1.srcs\sources_1\new\simple_dual_one_clock.v:]
WARNING: [filemgmt 56-199] Attempt to get parsing info during refresh. "On-the-fly" syntax checking information may be incorrect. [D:\work\3\hw_lab\projfinaljingjing\hw_syn_lab_project\project_vgadude_test1.srcs\sources_1\new\simple_dual_one_clock.v:]
ERROR: [Common 17-180] Spawn failed: No error
WARNING: [filemgmt 56-199] Attempt to get parsing info during refresh. "On-the-fly" syntax checking information may be incorrect. [D:\work\3\hw_lab\projfinaljingjing\hw_syn_lab_project\project_vgadude_test1.srcs\sources_1\new\receiver.v:]
WARNING: [filemgmt 56-199] Attempt to get parsing info during refresh. "On-the-fly" syntax checking information may be incorrect. [D:\work\3\hw_lab\projfinaljingjing\hw_syn_lab_project\project_vgadude_test1.srcs\sources_1\new\vga_controller.v:]
WARNING: [filemgmt 56-199] Attempt to get parsing info during refresh. "On-the-fly" syntax checking information may be incorrect. [D:\work\3\hw_lab\projfinaljingjing\hw_syn_lab_project\project_vgadude_test1.srcs\sources_1\new\simple_dual_one_clock.v:]
WARNING: [filemgmt 56-199] Attempt to get parsing info during refresh. "On-the-fly" syntax checking information may be incorrect. [D:\work\3\hw_lab\projfinaljingjing\hw_syn_lab_project\project_vgadude_test1.srcs\sources_1\new\top.v:]
WARNING: [filemgmt 56-199] Attempt to get parsing info during refresh. "On-the-fly" syntax checking information may be incorrect. [D:\work\3\hw_lab\projfinaljingjing\hw_syn_lab_project\project_vgadude_test1.srcs\sources_1\new\transmitter.v:]
WARNING: [filemgmt 56-199] Attempt to get parsing info during refresh. "On-the-fly" syntax checking information may be incorrect. [D:\work\3\hw_lab\projfinaljingjing\hw_syn_lab_project\project_vgadude_test1.srcs\sources_1\new\uart.v:]
ERROR: [Common 17-180] Spawn failed: No error
WARNING: [filemgmt 56-199] Attempt to get parsing info during refresh. "On-the-fly" syntax checking information may be incorrect. [D:\work\3\hw_lab\projfinaljingjing\hw_syn_lab_project\project_vgadude_test1.srcs\sources_1\new\receiver.v:]
WARNING: [filemgmt 56-199] Attempt to get parsing info during refresh. "On-the-fly" syntax checking information may be incorrect. [D:\work\3\hw_lab\projfinaljingjing\hw_syn_lab_project\project_vgadude_test1.srcs\sources_1\new\receiver.v:]
WARNING: [filemgmt 56-199] Attempt to get parsing info during refresh. "On-the-fly" syntax checking information may be incorrect. [D:\work\3\hw_lab\projfinaljingjing\hw_syn_lab_project\project_vgadude_test1.srcs\sources_1\new\receiver.v:]
WARNING: [filemgmt 56-199] Attempt to get parsing info during refresh. "On-the-fly" syntax checking information may be incorrect. [D:\work\3\hw_lab\projfinaljingjing\hw_syn_lab_project\project_vgadude_test1.srcs\sources_1\new\vga_controller.v:]
WARNING: [filemgmt 56-199] Attempt to get parsing info during refresh. "On-the-fly" syntax checking information may be incorrect. [D:\work\3\hw_lab\projfinaljingjing\hw_syn_lab_project\project_vgadude_test1.srcs\sources_1\new\simple_dual_one_clock.v:]
WARNING: [filemgmt 56-199] Attempt to get parsing info during refresh. "On-the-fly" syntax checking information may be incorrect. [D:\work\3\hw_lab\projfinaljingjing\hw_syn_lab_project\project_vgadude_test1.srcs\sources_1\new\top.v:]
WARNING: [filemgmt 56-199] Attempt to get parsing info during refresh. "On-the-fly" syntax checking information may be incorrect. [D:\work\3\hw_lab\projfinaljingjing\hw_syn_lab_project\project_vgadude_test1.srcs\sources_1\new\transmitter.v:]
WARNING: [filemgmt 56-199] Attempt to get parsing info during refresh. "On-the-fly" syntax checking information may be incorrect. [D:\work\3\hw_lab\projfinaljingjing\hw_syn_lab_project\project_vgadude_test1.srcs\sources_1\new\uart.v:]
WARNING: [filemgmt 56-199] Attempt to get parsing info during refresh. "On-the-fly" syntax checking information may be incorrect. [D:\work\3\hw_lab\projfinaljingjing\hw_syn_lab_project\project_vgadude_test1.srcs\sources_1\new\vga_controller.v:]
WARNING: [filemgmt 56-199] Attempt to get parsing info during refresh. "On-the-fly" syntax checking information may be incorrect. [D:\work\3\hw_lab\projfinaljingjing\hw_syn_lab_project\project_vgadude_test1.srcs\sources_1\new\vga_controller.v:]
ERROR: [Common 17-180] Spawn failed: No error
exit
INFO: [Common 17-206] Exiting Vivado at Wed Dec  4 14:07:23 2024...
